Iniciando backfill de leads perdidos desde Jul/2025...
Carregando pagina 1...
  Pagina 1: 250 leads
  #8 vandergrazioli@gmail.com: opp=OK field=OK (cf_motivo_de_perda_hunter=Placa de automação incompatível)
  #12 mcarvalhoribeiro13@gmail.com: opp=OK field=OK (cf_motivo_de_perda_hunter=Não é posto de combustíveis)
  #37 jaucinete@uol.com.br: opp=OK field=OK (cf_motivo_de_perda_hunter=Tentativas de contato esgotadas)
  #51 lucianopereiraaraujo@hotmail.com: nao encontrado no RD
  #58 rayssa_marques@hotmail.com: nao encontrado no RD
  #73 postopontedepedranfp@gmail.com: nao encontrado no RD
  #80 postocentrocatu@outlook.com.br: opp=OK field=OK (cf_motivo_de_perda_hunter=Negócio duplicado - Já está em negociação)
  #81 dheonas@gmail.com: opp=OK field=OK (cf_motivo_de_perda_hunter=Tentativas de contato esgotadas)
  #83 super20v@outlook.com: nao encontrado no RD
  #86 neto@postoaquarius.com.br: opp=OK field=OK (cf_motivo_de_perda_hunter=Tentativas de contato esgotadas)
  #92 sac@toplifecard.com.br: opp=OK field=OK (cf_motivo_de_perda_hunter=Não é posto de combustíveis)
  #104 giancarlo.pasa@tulio.com.br: opp=OK field=OK (cf_motivo_de_perda_hunter=Tempo - Não é a hora para falar)
  #108 postos.redesantana@gmail.com: opp=OK field=OK (cf_motivo_de_perda_hunter=Tempo - Não é a hora para falar)
  #110 eduschwade@gmil.com: opp=OK field=OK (cf_motivo_de_perda_hunter=Tentativas de contato esgotadas)
  #114 info@botech.com.br: opp=OK field=OK (cf_motivo_de_perda_hunter=Não é posto de combustíveis)
  #116 gigly@uol.com.br: nao encontrado no RD
  #124 autopostopassarella@gmail.com: opp=OK field=OK (cf_motivo_de_perda_hunter=Tentativas de contato esgotadas)
  #128 geangas@yahoo.com.br: opp=OK field=OK (cf_motivo_de_perda_closer=Não se Aplica)
  #130 gurgel2006@gmail.com: opp=OK field=OK (cf_motivo_de_perda_hunter=Tentativas de contato esgotadas)
  #143 deboraedpersonalizados@gmail.com: opp=OK field=OK (cf_motivo_de_perda_hunter=Tentativas de contato esgotadas)
  #150 postoreservacamassarys@gmail.com: nao encontrado no RD
  #151 ricardobrunodossantos@hotmail.com: opp=OK field=OK (cf_motivo_de_perda_hunter=Tentativas de contato esgotadas)
  #174 financeiropostocidade@gmail.com: nao encontrado no RD
  #182 jessica@postoscostadodende.com.br: opp=OK field=OK (cf_motivo_de_perda_hunter=No-show)
  #183 postopellegatti@gmail.com: opp=OK field=OK (cf_motivo_de_perda_hunter=Autoridade - não tem poder de decisão)
  #187 marcoantonio@riobrancopetroleo.com.br: opp=OK field=OK (cf_motivo_de_perda_hunter=Autoridade - não tem poder de decisão)
  #194 albuquerquecombustiveis@outlook.com: opp=OK field=OK (cf_motivo_de_perda_hunter=Tentativas de contato esgotadas)
  #196 murylo@grupomsbrasil.com.br: opp=OK field=OK (cf_motivo_de_perda_hunter=Não é posto de combustíveis)
  #199 silvaeduardo@gmail.com: opp=OK field=OK (cf_motivo_de_perda_hunter=Dados insuficientes)
  #224 gerencia.br500@postoscastelo.com.br: nao encontrado no RD
  #238 jacksonrodrigues5862@gmail.con: opp=OK field=OK (cf_motivo_de_perda_hunter=Não é posto de combustíveis)
  #239 lestafor.1@gmail.com: opp=OK field=OK (cf_motivo_de_perda_hunter=Tentativas de contato esgotadas)
  #240 kakofo5798@mytaemin.com: opp=OK field=OK (cf_motivo_de_perda_hunter=Negócio duplicado - Já está em negociação)
  #243 magnorizzeto2205@gmail.com: opp=OK field=OK (cf_motivo_de_perda_hunter=Tentativas de contato esgotadas)
  #245 agmar111@icloud.com: opp=OK field=OK (cf_motivo_de_perda_hunter=Tentativas de contato esgotadas)
Page 2... (250 processados)
  Pagina 2: 250 leads
  #252 marcelogeniall@gmail.com: opp=OK field=OK (cf_motivo_de_perda_hunter=Negócio duplicado - Já é cliente)
  #255 financeiro.souzaautoposto@gmail.com: opp=OK field=OK (cf_motivo_de_perda_hunter=Autoridade - não tem poder de decisão)
  #263 jonasgoncalocastro@gmail.com: opp=OK field=OK (cf_motivo_de_perda_hunter=Tempo - Não é a hora para falar)
  #264 edebom@gmail.com: nao encontrado no RD
  #274 mauriciogerlinger@hotmail.com: nao encontrado no RD
  #277 luiz.a.s.mariano@gmail.com: opp=OK field=OK (cf_motivo_de_perda_hunter=Não é posto de combustíveis)
  #289 kakofo5798@mytaemin.com: opp=OK field=OK (cf_motivo_de_perda_hunter=Dados insuficientes)
  #297 postosaojosedeteresopolis@gmail.com: nao encontrado no RD
  #299 cris.farmacia2005@gmail.com: opp=OK field=OK (cf_motivo_de_perda_hunter=Não é posto de combustíveis)
  #312 juniorassis5@gmail.com: nao encontrado no RD
  #313 wellington.ms@skallaposto.com.br: opp=OK field=OK (cf_motivo_de_perda_hunter=Tentativas de contato esgotadas)
  #323 vitorrodrigues@postosprimeiro.com.br: opp=OK field=OK (cf_motivo_de_perda_hunter=Tentativas de contato esgotadas)
  #327 fernandaabreupsi@hotmail.com: nao encontrado no RD
  #329 israel.postocidelandia01@hotmail.com: opp=OK field=OK (cf_motivo_de_perda_hunter=Concorrência - Já possui programa de fidelidade)
  #330 OTAVIODIASMENDES1980@GMAIL.COM: nao encontrado no RD
  #350 filmeshd1080p720p@outlook.com.br: opp=OK field=OK (cf_motivo_de_perda_hunter=Tentativas de contato esgotadas)
  #352 costarededepostos@gmail.com: opp=OK field=OK (cf_motivo_de_perda_hunter=Negócio duplicado - Já está em negociação)
  #359 contabilidade@grupodsertao.com.br: nao encontrado no RD
  #360 juniorgisleno598@gmail.com: opp=OK field=OK (cf_motivo_de_perda_hunter=Tentativas de contato esgotadas)
  #364 gabrizioli@gmail.com: opp=OK field=OK (cf_motivo_de_perda_hunter=Tentativas de contato esgotadas)
  #366 posto@gruporodaviva.com.br: opp=OK field=OK (cf_motivo_de_perda_hunter=Negócio duplicado - Já é cliente)
  #375 outbound1079@clubpetro.com: nao encontrado no RD
  #377 autopostouniao@gmail.com: nao encontrado no RD
  #378 menegaz_mam@hotmail.com: opp=OK field=OK (cf_motivo_de_perda_hunter=Não é posto de combustíveis)
  #383 hsmorando40@gmail.com: opp=OK field=OK (cf_motivo_de_perda_hunter=Negócio duplicado - Já está em negociação)
  #404 saniel.sfm@hotmail.com: nao encontrado no RD
  #405 jg.sobrinho@outlook.com: opp=OK field=OK (cf_motivo_de_perda_hunter=Concorrência - Já possui programa de fidelidade)
  #406 naldinho.rd@hotmail.com: nao encontrado no RD
  #446 renato@postopain.com.br: nao encontrado no RD
  #447 postocentrocatu@outlook.com.br: opp=OK field=OK (cf_motivo_de_perda_hunter=Tempo - Não é a hora para falar)
  #480 postocastilho2@hotmail.com: nao encontrado no RD
  #491 postoisalufe@gmail.com: nao encontrado no RD
  #495 jvtimbozao@gmail.com: opp=OK field=OK (cf_motivo_de_perda_hunter=Contrato de exclusividade na região)
Page 3... (500 processados)
  Pagina 3: 250 leads
  #504 miguelangeloss@icloud.com: opp=OK field=OK (cf_motivo_de_perda_hunter=Não é posto de combustíveis)
  #506 alexandre@flumidiesel.com.br: opp=OK field=OK (cf_motivo_de_perda_hunter=Tentativas de contato esgotadas)
  #517 welitonantonietti@gmail.com: opp=OK field=OK (cf_motivo_de_perda_hunter=Tentativas de contato esgotadas)
  #522 financeirosertao2@hotmail.com: opp=OK field=OK (cf_motivo_de_perda_hunter=Negócio duplicado - Já está em negociação)
  #538 acctioneventos@gmail.com: opp=OK field=OK (cf_motivo_de_perda_hunter=Não é posto de combustíveis)
  #545 fabiolute@gmail.com: opp=OK field=OK (cf_motivo_de_perda_hunter=Tentativas de contato esgotadas)
  #550 contato@instutoalexsilva.com.br: opp=OK field=OK (cf_motivo_de_perda_hunter=Tentativas de contato esgotadas)
  #569 admamericanx@gmail.com: opp=OK field=OK (cf_motivo_de_perda_hunter=Tempo - Não é a hora para falar)
  #573 YOD.FINANCEIRO@GMAIL.COM: nao encontrado no RD
  #577 mariogomes@federalenergia.com: opp=OK field=OK (cf_motivo_de_perda_hunter=Não é posto de combustíveis)
  #580 gas01@batisti.com.br: nao encontrado no RD
  #587 postoseujorge@gmail.com: opp=OK field=OK (cf_motivo_de_perda_hunter=Tentativas de contato esgotadas)
  #588 piccoli.advogado@gmail.com: opp=OK field=OK (cf_motivo_de_perda_hunter=Não é posto de combustíveis)
  #607 zarurposto@gmail.com: nao encontrado no RD
  #609 denilson.deungaro@l3energy.com.br: opp=OK field=OK (cf_motivo_de_perda_hunter=Negócio duplicado - Já está em negociação)
  #615 atalaia2shell@hotmail.com: nao encontrado no RD
  #617 fernando.martins@cotrisoja.com.br: opp=OK field=OK (cf_motivo_de_perda_hunter=Tentativas de contato esgotadas)
  #624 marcioquality2016@gmail.com: opp=OK field=OK (cf_motivo_de_perda_hunter=Tempo - Não é a hora para falar)
  #626 gerencia.autopostokarajas@gmail.com: opp=OK field=OK (cf_motivo_de_perda_hunter=Negócio duplicado - Já está em negociação)
  #636 utmteste@webflow.com: opp=OK field=OK (cf_motivo_de_perda_hunter=Não é posto de combustíveis)
  #647 edyrtelles@yahoo.com.br: nao encontrado no RD
  #649 ap.santanaareias@gmail.com: nao encontrado no RD
  #656 rosimeri@postosimon.com.br: opp=OK field=OK (cf_motivo_de_perda_hunter=Negócio duplicado - Já é cliente)
  #658 13497953000159: nao encontrado no RD
  #659 aanaxavier2020@gmail.com: opp=OK field=OK (cf_motivo_de_perda_hunter=Negócio duplicado - Já é cliente)
  #660 luisgalodeouro@gmail.com: opp=OK field=OK (cf_motivo_de_perda_hunter=Tentativas de contato esgotadas)
  #661 comercial@redeola.com.br: nao encontrado no RD
  #662 andreattaalexandre7@gmail.com: opp=OK field=OK (cf_motivo_de_perda_hunter=Dados insuficientes)
  #664 geumoura@hotmail.com: opp=OK field=OK (cf_motivo_de_perda_hunter=Negócio duplicado - Já é cliente)
  #666 super900@rede900.com.br: nao encontrado no RD
  #674 elaine.franco@cavessantacruz.com.br: opp=OK field=OK (cf_motivo_de_perda_hunter=Tempo - Não é a hora para falar)
  #676 rubens@expeventos.com: opp=OK field=OK (cf_motivo_de_perda_hunter=Não é posto de combustíveis)
  #677 caioizidoriorosa@gmail.com: nao encontrado no RD
  #678 anandalacerdaadv@gmail.com: nao encontrado no RD
  #693 denilson.deungaro@l3energy.com.br: opp=OK field=OK (cf_motivo_de_perda_hunter=Tentativas de contato esgotadas)
  #694 tamara.perpetuo@hotmail.com: opp=OK field=OK (cf_motivo_de_perda_hunter=Negócio duplicado - Já está em negociação)
  #700 autopostosaocristovao@bol.com.br: opp=OK field=OK (cf_motivo_de_perda_hunter=Tempo - Não é a hora para falar)
  #711 gerencia@grupovilagermanica.com.br: opp=OK field=OK (cf_motivo_de_perda_hunter=Contrato de exclusividade na região)
  #740 patense10@gmail.com: opp=OK field=OK (cf_motivo_de_perda_hunter=Já possui compromisso financeiro com o programa da bandeira)
  #743 joaomonteiroti3@gmail.com: opp=OK field=OK (cf_motivo_de_perda_hunter=Não é posto de combustíveis)
  #745 diogosales.random@gmail.com: opp=OK field=OK (cf_motivo_de_perda_hunter=Tentativas de contato esgotadas)
  #746 rodrigo@pontuallogistica.com: nao encontrado no RD
  #749 sergiiorsousa51@hotmail.com: opp=OK field=OK (cf_motivo_de_perda_hunter=Tentativas de contato esgotadas)
Page 4... (750 processados)
  Pagina 4: 250 leads
  #768 rafaelpiccoli27@gmail.com: opp=OK field=OK (cf_motivo_de_perda_hunter=Tempo - Não é a hora para falar)
  #776 contato@postosbiasi.com.br: opp=OK field=OK (cf_motivo_de_perda_hunter=Tentativas de contato esgotadas)
  #779 rubens@expeventos.com: opp=OK field=OK (cf_motivo_de_perda_hunter=Tentativas de contato esgotadas)
  #788 andre.aleixo@gmail.com: opp=OK field=OK (cf_motivo_de_perda_hunter=Tentativas de contato esgotadas)
  #789 edimundomoura@gmail.com: opp=OK field=OK (cf_motivo_de_perda_hunter=Tentativas de contato esgotadas)
  #790 luisricardo011@hotmail.com: opp=OK field=OK (cf_motivo_de_perda_hunter=Tentativas de contato esgotadas)
  #791 arilson.ag@gmail.com: opp=OK field=OK (cf_motivo_de_perda_hunter=Tentativas de contato esgotadas)
  #804 atupinamba72@yahoo.com.br: opp=OK field=OK (cf_motivo_de_perda_hunter=Negócio duplicado - Já está em negociação)
  #806 atupinamba72@yahoo.colm.br: opp=OK field=OK (cf_motivo_de_perda_hunter=Negócio duplicado - Já está em negociação)
  #808 atupinamba72@yahoo.com.br: opp=OK field=OK (cf_motivo_de_perda_hunter=Negócio duplicado - Já está em negociação)
  #809 atupinamba72@yahoo.colm.br: opp=OK field=OK (cf_motivo_de_perda_hunter=Negócio duplicado - Já está em negociação)
  #810 atupinamba72@yahoo.colm.br: opp=OK field=OK (cf_motivo_de_perda_hunter=Negócio duplicado - Já está em negociação)
  #812 atupinamba72@yahoo.com.br: opp=OK field=OK (cf_motivo_de_perda_hunter=Negócio duplicado - Já está em negociação)
  #813 atupinamba72@yahoo.com.br: opp=OK field=OK (cf_motivo_de_perda_hunter=Negócio duplicado - Já está em negociação)
  #815 atupinamba72@yahoo.com.br: opp=OK field=OK (cf_motivo_de_perda_hunter=Negócio duplicado - Já está em negociação)
  #841 asseccontabil@hotmail.com: opp=OK field=OK (cf_motivo_de_perda_hunter=Não é posto de combustíveis)
  #845 vitor_ruiz@hotmail.com: nao encontrado no RD
  #854 postoavenidasjc@gmail.com: opp=OK field=OK (cf_motivo_de_perda_hunter=Autoridade - não tem poder de decisão)
  #865 postosantafeloreto@hotmail.com: opp=OK field=OK (cf_motivo_de_perda_hunter=Tentativas de contato esgotadas)
  #869 francilene@alternativaeventos.com.br: opp=OK field=OK (cf_motivo_de_perda_hunter=Dados insuficientes)
  #870 l.crescente@hotmail.com: nao encontrado no RD
  #885 line.rf@icloud.com: opp=OK field=OK (cf_motivo_de_perda_hunter=Tentativas de contato esgotadas)
  #917 cirilopostocirilo@gmail.com: nao encontrado no RD
  #918 natanael.flores.universitario@gmail.com: opp=OK field=OK (cf_motivo_de_perda_hunter=Tempo - Não é a hora para falar)
  #919 cristiane.tvcacoal@gmail.com: opp=OK field=OK (cf_motivo_de_perda_hunter=Não é posto de combustíveis)
  #921 leitte_eva@hotmail.com: nao encontrado no RD
  #936 claudioalmeida100584@yahoo.com: opp=OK field=OK (cf_motivo_de_perda_hunter=Negócio duplicado - Já é cliente)
  #937 contabil@esalsupermercado.com.br: nao encontrado no RD
  #946 mfralves@gmail.com: opp=OK field=OK (cf_motivo_de_perda_hunter=Não é posto de combustíveis)
  #947 paralegal.postos@mknholding.com.br: nao encontrado no RD
  #948 postobrasilaction@gmail.com: nao encontrado no RD
  #949 pavaoitu@redepavao.com: nao encontrado no RD
  #951 autopostovitoria89@hotmail.com: nao encontrado no RD
  #952 matheussena011098@gmail.com: opp=OK field=OK (cf_motivo_de_perda_hunter=Tempo - Não é a hora para falar)
  #963 sidney.sousa32@gmail.com: opp=OK field=OK (cf_motivo_de_perda_hunter=Concorrência - Já possui programa de fidelidade)
  #964 juniorcesar.jc364@gmail.com: opp=OK field=OK (cf_motivo_de_perda_hunter=Tentativas de contato esgotadas)
  #975 darcygrupogg@gmail.com: opp=OK field=OK (cf_motivo_de_perda_hunter=Tentativas de contato esgotadas)
  #980 cobranca@redegtb.com.br: nao encontrado no RD
Page 5... (1000 processados)
  Pagina 5: 250 leads
  #1009 postoirmandade@gmail.com: nao encontrado no RD
  #1020 camila_arielly@hotmail.com: opp=OK field=OK (cf_motivo_de_perda_hunter=Já possui compromisso financeiro com o programa da bandeira)
  #1021 jair_fmf@hotmail.com: nao encontrado no RD
  #1034 rodrigotwc@hotmail.com: nao encontrado no RD
  #1053 jps2022hot@gmail.com: opp=OK field=OK (cf_motivo_de_perda_hunter=Tentativas de contato esgotadas)
  #1087 j.edgard@terra.com.br: opp=OK field=OK (cf_motivo_de_perda_hunter=Tempo - Não é a hora para falar)
  #1094 fernandesivoney8@gmail.com: opp=OK field=OK (cf_motivo_de_perda_hunter=Negócio duplicado - Já é cliente)
  #1100 brnacoes@gmail.com: nao encontrado no RD
  #1104 roserodrigues7@hotmail.com: nao encontrado no RD
  #1109 alessandro100@hotmail.com: nao encontrado no RD
  #1112 vivian.saldanha92@gmail.com: nao encontrado no RD
  #1118 luiz.bonifacio1970@gmail.com: nao encontrado no RD
  #1126 juacyrst@hotmail.com: nao encontrado no RD
  #1138 centraljpltda@yahoo.com.br: nao encontrado no RD
  #1180 autopostonovoqueimados@hotmail.com: nao encontrado no RD
  #1181 mauraalvaresrodrigues@hotmail.com: opp=OK field=OK (cf_motivo_de_perda_hunter=Negócio duplicado - Já é cliente)
  #1187 tassio.giachim@redeamigao.com.br: opp=OK field=OK (cf_motivo_de_perda_hunter=Tempo - Não é a hora para falar)
  #1192 jotashineray@gmail.com: opp=OK field=OK (cf_motivo_de_perda_hunter=Tentativas de contato esgotadas)
  #1212 danimoreiramelo0350@gmail.com: opp=OK field=OK (cf_motivo_de_perda_hunter=Tentativas de contato esgotadas)
  #1236 pattnha@hotmail.com: opp=OK field=OK (cf_motivo_de_perda_hunter=Tentativas de contato esgotadas)
  #1247 diretoria@ecopostosba.com.br: nao encontrado no RD
Page 6... (1250 processados)
  Pagina 6: 250 leads
  #1254 leandrorocha86558@gmail.com: opp=OK field=OK (cf_motivo_de_perda_hunter=Tentativas de contato esgotadas)
  #1285 heliopostocontorno@hotmail.com.br: opp=OK field=OK (cf_motivo_de_perda_hunter=Tentativas de contato esgotadas)
  #1303 rodrigosilvaoliveira504@gmail.com: opp=OK field=OK (cf_motivo_de_perda_hunter=Tentativas de contato esgotadas)
  #1309 luisgalodeouro@gmail.com: opp=OK field=OK (cf_motivo_de_perda_hunter=Tentativas de contato esgotadas)
  #1360 antoniofaguiarneto@gmail.com: nao encontrado no RD
  #1385 19vanessa1979@gmail.com: nao encontrado no RD
  #1429 agpostofazenda@gmail.com: nao encontrado no RD
  #1446 rodrigo.r3rep@gmail.com: opp=OK field=OK (cf_motivo_de_perda_hunter=Não é posto de combustíveis)
  #1453 luciacardoso1966@gmail.com: opp=OK field=OK (cf_motivo_de_perda_hunter=Negócio duplicado - Já é cliente)
  #1464 poto.victoria@terra.com.br: nao encontrado no RD
  #1494 nunesgiovanettipaulo@gmail.com: opp=OK field=OK (cf_motivo_de_perda_hunter=Não é posto de combustíveis)
  #1495 contato@grupobeijaflor.com: opp=OK field=OK (cf_motivo_de_perda_hunter=Negócio duplicado - Já é cliente)
  #1496 ivansantos3441@gmail.com: opp=OK field=OK (cf_motivo_de_perda_hunter=Não é posto de combustíveis)
  #1497 autopostolamape@gmail.com: opp=OK field=OK (cf_motivo_de_perda_hunter=Negócio duplicado - Já é cliente)
  #1498 italomelo1818@hotmail.com: opp=OK field=OK (cf_motivo_de_perda_hunter=Tentativas de contato esgotadas)
  #1499 danieledossantosamorim538@gmail.com: opp=OK field=OK (cf_motivo_de_perda_hunter=Tentativas de contato esgotadas)
Page 7... (1500 processados)
  Pagina 7: 250 leads
  #1519 angillo@outlook.com: opp=OK field=OK (cf_motivo_de_perda_hunter=Concorrência - Já possui programa de fidelidade)
  #1532 ingridpostomaxxi@gmail.com: opp=OK field=OK (cf_motivo_de_perda_hunter=Tentativas de contato esgotadas)
  #1542 postorerius@hotmail.com: opp=OK field=OK (cf_motivo_de_perda_hunter=Não é posto de combustíveis)
  #1545 camilarosa492@gmail.com: opp=OK field=OK (cf_motivo_de_perda_hunter=Negócio duplicado - Já é cliente)
  #1561 zita_wilkinson10@banlamail.com: opp=OK field=OK (cf_motivo_de_perda_hunter=Dados insuficientes)
  #1579 luisricardo011@hotmail.com: opp=OK field=OK (cf_motivo_de_perda_closer=Orçamento - Falta de Budget)
  #1605 kalinelelis@hotmail.com: opp=OK field=OK (cf_motivo_de_perda_hunter=Tentativas de contato esgotadas)
  #1622 ycinhamel@hotmail.com: opp=OK field=OK (cf_motivo_de_perda_hunter=Tentativas de contato esgotadas)
  #1638 sarabeatrizflor66@gmail.com: opp=OK field=OK (cf_motivo_de_perda_hunter=Tentativas de contato esgotadas)
  #1639 null: nao encontrado no RD
  #1648 luisnobrak321@gmail.com: opp=OK field=OK (cf_motivo_de_perda_hunter=Não é posto de combustíveis)
  #1667 tamiressoliveira12@gmail.com: opp=OK field=OK (cf_motivo_de_perda_hunter=Não é posto de combustíveis)
  #1673 cristinabaptista.br@gmail.com: nao encontrado no RD
  #1676 grupochiquinho@outlook.com.br: opp=OK field=OK (cf_motivo_de_perda_hunter=Negócio duplicado - Já está em negociação)
  #1694 gledson-borges2011@hotmail.com: opp=OK field=OK (cf_motivo_de_perda_hunter=Dados insuficientes)
  #1695 filipeealves7x@gmail.com: opp=OK field=OK (cf_motivo_de_perda_hunter=Tentativas de contato esgotadas)
  #1716 poliana_padilha@hotmail.com: opp=OK field=OK (cf_motivo_de_perda_hunter=Tempo - Não é a hora para falar)
  #1726 rodrigofcostaalpha@gmail.com: opp=OK field=OK (cf_motivo_de_perda_hunter=Tentativas de contato esgotadas)
  #1734 matielgiehl@hotmail.com: opp=OK field=OK (cf_motivo_de_perda_hunter=Já possui compromisso financeiro com o programa da bandeira)
  #1735 nanofreitas89@gmail.com: opp=OK field=OK (cf_motivo_de_perda_hunter=Tentativas de contato esgotadas)
Page 8... (1750 processados)
  Pagina 8: 250 leads
  #1755 santoseloi1@hotmail.com: opp=OK field=OK (cf_motivo_de_perda_hunter=Tentativas de contato esgotadas)
  #1759 postopaulista@uol.com.br: nao encontrado no RD
  #1761 simonecontabil@hotmail.com: opp=OK field=OK (cf_motivo_de_perda_hunter=Tentativas de contato esgotadas)
  #1766 cleto@cletoniehues.adv.br: opp=OK field=OK (cf_motivo_de_perda_hunter=Tentativas de contato esgotadas)
  #1795 postosantanasalinas@gmail.com: nao encontrado no RD
  #1796 autopostocorumba@gmail.com: opp=OK field=OK (cf_motivo_de_perda_hunter=Tentativas de contato esgotadas)
  #1820 autopostoportal.foz@gmail.com: nao encontrado no RD
  #1867 helio667@hotmail.com: opp=OK field=OK (cf_motivo_de_perda_hunter=Negócio duplicado - Já é cliente)
  #1884 j-lima-azevedo@hotmail.com: opp=OK field=OK (cf_motivo_de_perda_hunter=Não é posto de combustíveis)
  #1898 ricardo_rasr@hotmail.com: opp=OK field=OK (cf_motivo_de_perda_hunter=Não é posto de combustíveis)
  #1911 renan@postocanaa.com: nao encontrado no RD
  #1912 elgiano5@hotmail.com: opp=OK field=OK (cf_motivo_de_perda_hunter=Negócio duplicado - Já está em negociação)
  #1926 elgiano5@hotmail.com: opp=OK field=OK (cf_motivo_de_perda_hunter=Contrato de exclusividade na região)
  #1927 marlene.autopostomatos@gmail.com: opp=OK field=OK (cf_motivo_de_perda_hunter=Tentativas de contato esgotadas)
  #1931 fatima.autopostorayner@gmail.com: opp=OK field=OK (cf_motivo_de_perda_hunter=Tempo - Não é a hora para falar)
  #1938 marco.almeida@postonatureza.com.br: nao encontrado no RD
  #1939 adilson659@hotmail.com: opp=OK field=OK (cf_motivo_de_perda_hunter=Negócio duplicado - Já está em negociação)
  #1940 adilson659@hotmail.com: opp=OK field=OK (cf_motivo_de_perda_hunter=Negócio duplicado - Já está em negociação)
  #1941 testeanalise@webflow.com: nao encontrado no RD
  #1944 marciommendonca@hotmail.com: nao encontrado no RD
  #1948 cris@postocaiapo.com: opp=OK field=OK (cf_motivo_de_perda_hunter=Tentativas de contato esgotadas)
  #1964 fabianomodele@gmail.com: nao encontrado no RD
  #1982 postoserraverde@gmail.com: opp=OK field=OK (cf_motivo_de_perda_hunter=Tempo - Não é a hora para falar)
Page 9... (2000 processados)
  Pagina 9: 250 leads
  #2002 null: nao encontrado no RD
  #2019 mi.moraes.sacchi@gmail.com: opp=OK field=OK (cf_motivo_de_perda_hunter=Tentativas de contato esgotadas)
  #2055 helbert@alamostrade.com.br: opp=OK field=OK (cf_motivo_de_perda_hunter=Tentativas de contato esgotadas)
  #2083 heltermelo14@gmail.com: opp=OK field=OK (cf_motivo_de_perda_hunter=Tentativas de contato esgotadas)
  #2086 marcaotsi@yahoo.com.br: nao encontrado no RD
  #2087 geovanemacau@gmail.com: nao encontrado no RD
  #2088 leorsouza@hotmail.com: opp=OK field=OK (cf_motivo_de_perda_hunter=Negócio duplicado - Já é cliente)
  #2096 posto2011@sinos.net: opp=OK field=OK (cf_motivo_de_perda_hunter=Tentativas de contato esgotadas)
  #2097 maycon@projetodesenvolve.com.br: opp=OK field=OK (cf_motivo_de_perda_hunter=Não é posto de combustíveis)
  #2100 contato@postoavm.com.br: opp=OK field=OK (cf_motivo_de_perda_hunter=Tentativas de contato esgotadas)
  #2115 nordestevivo@hotmail.com: opp=OK field=OK (cf_motivo_de_perda_hunter=Tempo - Não é a hora para falar)
  #2116 4borges@gmail.com: opp=OK field=OK (cf_motivo_de_perda_hunter=Tentativas de contato esgotadas)
  #2147 edeiaautoposto123@gmail.com: opp=OK field=OK (cf_motivo_de_perda_hunter=Tentativas de contato esgotadas)
  #2154 vieirapostosemaus@gmail.com: opp=OK field=OK (cf_motivo_de_perda_hunter=Negócio duplicado - Já está em negociação)
  #2168 cjmnascimento@hotmail.com: opp=OK field=OK (cf_motivo_de_perda_hunter=Tentativas de contato esgotadas)
  #2200 aldirdacostaferreira@hotmail.com: opp=OK field=OK (cf_motivo_de_perda_hunter=Tentativas de contato esgotadas)
  #2206 tatianeescareli@gmail.com: opp=OK field=OK (cf_motivo_de_perda_hunter=Tentativas de contato esgotadas)
  #2210 shirlenylemos@gmail.com: opp=OK field=OK (cf_motivo_de_perda_hunter=Tentativas de contato esgotadas)
  #2245 lucianomasterix@gmail.com: nao encontrado no RD
  #2247 evandrotadeusm@gmail.com: nao encontrado no RD
Page 10... (2250 processados)
  Pagina 10: 250 leads
  #2285 avelinosotta@gmail.com: opp=OK field=OK (cf_motivo_de_perda_hunter=Placa de automação incompatível)
  #2287 pereirahv@hotmail.com: opp=OK field=OK (cf_motivo_de_perda_hunter=Tentativas de contato esgotadas)
  #2289 fv_miranda@hotmail.com: opp=OK field=OK (cf_motivo_de_perda_hunter=Contrato de exclusividade na região)
  #2321 vieirapostosemaus@gmail.com: opp=OK field=OK (cf_motivo_de_perda_hunter=Tentativas de contato esgotadas)
  #2361 manoel.junior@vilanova.com.br: nao encontrado no RD
  #2369 adm4@postoantoniomartinez.com.br: opp=OK field=OK (cf_motivo_de_perda_hunter=Negócio duplicado - Já é cliente)
  #2405 mota_felipe@sicredi.com.br: opp=OK field=OK (cf_motivo_de_perda_hunter=Não é posto de combustíveis)
  #2458 ednaldoecosmetics@gmail.com: opp=OK field=OK (cf_motivo_de_perda_hunter=Não é posto de combustíveis)
  #2496 graccorivas@hotmail.com: opp=OK field=OK (cf_motivo_de_perda_hunter=Tempo - Não é a hora para falar)
Page 11... (2500 processados)
  Pagina 11: 250 leads
  #2505 null: nao encontrado no RD
  #2555 italomelo1818@hotmail.com: opp=OK field=OK (cf_motivo_de_perda_hunter=Tentativas de contato esgotadas)
  #2563 deoclides@clica.com: opp=OK field=OK (cf_motivo_de_perda_hunter=Tempo - Não é a hora para falar)
  #2566 secsa747@yahoo.com.br: opp=OK field=OK (cf_motivo_de_perda_hunter=Tentativas de contato esgotadas)
  #2567 postojordy@outlook.com: nao encontrado no RD
  #2589 allesonpuppin@gmail.com: opp=OK field=OK (cf_motivo_de_perda_hunter=Negócio duplicado - Já está em negociação)
  #2590 autopostonossasenhoradasgraca@gmail.com: opp=OK field=OK (cf_motivo_de_perda_hunter=Negócio duplicado - Já é cliente)
  #2592 ti@sanpetro.com.br: opp=OK field=OK (cf_motivo_de_perda_hunter=Negócio duplicado - Já é cliente)
  #2619 postotopcar@gmail.com: nao encontrado no RD
  #2627 kellyrcamargo@gmail.com: opp=OK field=OK (cf_motivo_de_perda_hunter=Tempo - Não é a hora para falar)
  #2653 sindipostosrn@sindipostosrn.com.br: nao encontrado no RD
  #2654 ti@sanpetro.com.br: opp=OK field=OK (cf_motivo_de_perda_hunter=Negócio duplicado - Já é cliente)
  #2656 jair25silva@gmail.com: opp=OK field=OK (cf_motivo_de_perda_hunter=Tentativas de contato esgotadas)
  #2681 fv_miranda@hotmail.com: opp=OK field=OK (cf_motivo_de_perda_hunter=Contrato de exclusividade na região)
  #2728 sannyliver56@gmail.com: opp=OK field=OK (cf_motivo_de_perda_hunter=Não é posto de combustíveis)
Page 12... (2750 processados)
  Pagina 12: 250 leads
  #2753 luiz.bonifacio1970@gmail.com: opp=OK field=OK (cf_motivo_de_perda_closer=Perfil inadequado)
  #2766 helen@moreiradiesel.com.br: opp=OK field=OK (cf_motivo_de_perda_hunter=Tentativas de contato esgotadas)
  #2811 vendas@cequinelbolsas.com.br: opp=OK field=OK (cf_motivo_de_perda_hunter=Não é posto de combustíveis)
  #2830 juridico@grupomagnolia.com.br: opp=OK field=OK (cf_motivo_de_perda_hunter=Negócio duplicado - Já é cliente)
  #2855 eduardo.lima@grupogemeas.com: nao encontrado no RD
  #2857 semprebelasestetica@gmail.com: nao encontrado no RD
  #2861 autopostojacare1@hotmail.com: nao encontrado no RD
  #2875 tcautoposto@hotmail.com: opp=OK field=OK (cf_motivo_de_perda_hunter=Concorrência - Já possui programa de fidelidade)
  #2876 postojordy@hotmail.com: opp=OK field=OK (cf_motivo_de_perda_hunter=Tempo - Não é a hora para falar)
  #2931 postojk25@gmail.com: nao encontrado no RD
  #2932 logistica.topdiesel@gmail.com: opp=OK field=OK (cf_motivo_de_perda_hunter=Negócio duplicado - Já é cliente)
  #2937 grazziellarezende@gmail.com: opp=OK field=OK (cf_motivo_de_perda_hunter=Tempo - Não é a hora para falar)
  #2967 julianefariass@gmail.com: opp=OK field=OK (cf_motivo_de_perda_hunter=Contrato de exclusividade na região)
  #2979 nossoposto.piaui@gmail.com: nao encontrado no RD
  #2982 bthomazoni@hotmail.com: opp=OK field=OK (cf_motivo_de_perda_hunter=Tentativas de contato esgotadas)
  #2983 chfestmusic21@gmail.com: opp=OK field=OK (cf_motivo_de_perda_hunter=Tentativas de contato esgotadas)
  #2996 juniorrocha5@hotmail.com: opp=OK field=OK (cf_motivo_de_perda_hunter=Tentativas de contato esgotadas)
  #2999 c@s.com: opp=OK field=OK (cf_motivo_de_perda_hunter=Não é posto de combustíveis)
Page 13... (3000 processados)
  Pagina 13: 250 leads
  #3059 telesguimaraes89@gmail.com: opp=OK field=OK (cf_motivo_de_perda_hunter=Contrato de exclusividade na região)
  #3082 maicondavidluiz@gmail.com: opp=OK field=OK (cf_motivo_de_perda_hunter=Tentativas de contato esgotadas)
  #3089 renatosantana835@gmail.com: nao encontrado no RD
  #3090 oestradeirojaciara@hotmail.com: nao encontrado no RD
  #3091 postobeirario@gmail.com: nao encontrado no RD
  #3092 ronfew4@gmail.com: opp=OK field=OK (cf_motivo_de_perda_hunter=Tentativas de contato esgotadas)
  #3093 sonia_posto@hotmail.com: opp=OK field=OK (cf_motivo_de_perda_closer=Perfil inadequado)
  #3094 luisgustavofs345@gmail.com: opp=OK field=OK (cf_motivo_de_perda_hunter=Tentativas de contato esgotadas)
  #3095 postoparadaangelica@gmail.com: nao encontrado no RD
  #3097 deni339@hotmail.com: opp=OK field=OK (cf_motivo_de_perda_hunter=Tentativas de contato esgotadas)
  #3098 fabiopereira.audicon@gmail.com: nao encontrado no RD
  #3101 everaldo1581@gmail.com: opp=OK field=OK (cf_motivo_de_perda_closer=Perfil inadequado)
  #3179 tjosecosta@hotmail.com: opp=OK field=OK (cf_motivo_de_perda_hunter=Tentativas de contato esgotadas)
  #3182 autopostoconfianca2022@gmail.com: nao encontrado no RD
  #3184 lugmorais25@gmail.com: nao encontrado no RD
  #3185 jhonny.logistica@outlook.com: nao encontrado no RD
  #3200 renato.borges@grupoantonellifilho.com.br: nao encontrado no RD
  #3229 patricia986935@gmail.com: opp=OK field=OK (cf_motivo_de_perda_hunter=Tentativas de contato esgotadas)
  #3236 ubiratancccosta@gmail.com: nao encontrado no RD
  #3237 maujun_2601@hotmail.com: opp=OK field=OK (cf_motivo_de_perda_closer=Orçamento - Falta de Budget)
  #3239 deiseintervia2012@gmail.com: opp=OK field=OK (cf_motivo_de_perda_hunter=Tentativas de contato esgotadas)
Page 14... (3250 processados)
  Pagina 14: 250 leads
  #3252 willomar27@hotmail.com: opp=OK field=OK (cf_motivo_de_perda_hunter=Tentativas de contato esgotadas)
  #3257 financeiro@postobica.com: opp=OK field=OK (cf_motivo_de_perda_hunter=Negócio duplicado - Já é cliente)
  #3263 guimaraes.lazaro@yahoo.com.br: nao encontrado no RD
  #3353 eneto.oliveira@gmail.com: opp=OK field=OK (cf_motivo_de_perda_hunter=Tempo - Não é a hora para falar)
  #3354 valterdomingossasso@gmail.com: nao encontrado no RD
  #3358 dmcibin@gmail.com: nao encontrado no RD
  #3383 fernandozabini@gmail.com: nao encontrado no RD
  #3386 admposto@postobrax.com.br: nao encontrado no RD
  #3399 ruzivel.amorim@gmail.com: opp=OK field=OK (cf_motivo_de_perda_hunter=Tempo - Não é a hora para falar)
  #3403 s.lopes_adv@outlook.com: opp=OK field=OK (cf_motivo_de_perda_closer=Não tem autoridade)
  #3417 orlandocarneiroomc@gmail.com: opp=OK field=OK (cf_motivo_de_perda_hunter=Tempo - Não é a hora para falar)
  #3418 brendadettmann@gmail.com: opp=OK field=OK (cf_motivo_de_perda_hunter=Tempo - Não é a hora para falar)
  #3425 joemaracs@gmail.com: opp=OK field=OK (cf_motivo_de_perda_hunter=Autoridade - não tem poder de decisão)
  #3429 rogerio.simoes@superabc.com.br: nao encontrado no RD
  #3431 postosertanejogg@gmail.com: opp=OK field=OK (cf_motivo_de_perda_hunter=Negócio duplicado - Já está em negociação)
  #3432 augustomr.camara@gmail.com: opp=OK field=OK (cf_motivo_de_perda_hunter=Negócio duplicado - Já é cliente)
  #3438 contato@postosupernova.com.br: opp=OK field=OK (cf_motivo_de_perda_hunter=Tentativas de contato esgotadas)
  #3439 aeropostobr@gmail.com: opp=OK field=OK (cf_motivo_de_perda_hunter=Tentativas de contato esgotadas)
  #3440 gervendramim@hotmail.com: nao encontrado no RD
  #3442 san.nery@admrededuque.com.br: opp=OK field=OK (cf_motivo_de_perda_hunter=Tentativas de contato esgotadas)
  #3443 posto2.aeroporto@hotmail.com: nao encontrado no RD
  #3444 ggabrielflorezz@gmail.com: opp=OK field=OK (cf_motivo_de_perda_hunter=Tentativas de contato esgotadas)
  #3447 autopostoabc@yahoo.com.br: opp=OK field=OK (cf_motivo_de_perda_closer=Tempo - Troca do sistema de gestão)
  #3448 comercial.postobarramansa@gmail.com: nao encontrado no RD
  #3450 silveiradaniel825@gmail.com: opp=OK field=OK (cf_motivo_de_perda_hunter=Tentativas de contato esgotadas)
  #3452 magda@cygni.com.br: opp=OK field=OK (cf_motivo_de_perda_hunter=Concorrência - Já possui programa de fidelidade)
  #3456 rodrigocmazzochi@gmail.com: opp=OK field=OK (cf_motivo_de_perda_closer=Concorrência - Está negociando com outra empresa)
  #3457 postorastroltda@gmail.com: nao encontrado no RD
  #3458 francisco.fazolinda@gmail.com: opp=OK field=OK (cf_motivo_de_perda_closer=Lead alegou que não viu valor)
  #3459 selmo.amarilha@ciarama.com.br: opp=OK field=OK (cf_motivo_de_perda_hunter=Autoridade - não tem poder de decisão)
  #3460 costarededepostos@gmail.com: opp=OK field=OK (cf_motivo_de_perda_closer=Tempo - Troca do sistema de gestão)
  #3462 wanderleysampaio@gmail.com: opp=OK field=OK (cf_motivo_de_perda_hunter=Tempo - Não é a hora para falar)
  #3463 cjmnascimento@gmail.com: nao encontrado no RD
  #3465 alexandremarcelodefaria@gmail.com: nao encontrado no RD
  #3471 adrianosocape@gmail.com: opp=OK field=OK (cf_motivo_de_perda_hunter=Placa de automação incompatível)
  #3479 subway_andre@hotmail.com: opp=OK field=OK (cf_motivo_de_perda_hunter=Tentativas de contato esgotadas)
  #3488 alex.gabrielsilva@hotmail.com: opp=OK field=OK (cf_motivo_de_perda_hunter=Tentativas de contato esgotadas)
  #3489 dairce.pedrosa19@gmail.com: opp=OK field=OK (cf_motivo_de_perda_hunter=Concorrência - Já possui programa de fidelidade)
  #3490 None: nao encontrado no RD
  #3494 marceloguerramachado@gmail.com: nao encontrado no RD
  #3495 faadm@terra.com.br: opp=OK field=OK (cf_motivo_de_perda_hunter=Não é posto de combustíveis)
  #3496 flavio.braga16@gmail.com: opp=OK field=OK (cf_motivo_de_perda_closer=Concorrência - Está negociando com outra empresa)
  #3497 marcelmcmc@hotmail.com: opp=OK field=OK (cf_motivo_de_perda_hunter=Não é posto de combustíveis)
  #3498 contato@postotexkar.com: opp=OK field=OK (cf_motivo_de_perda_hunter=Tempo - Não é a hora para falar)
  #3500 jrrobervalalves@hotmail.come: opp=OK field=OK (cf_motivo_de_perda_hunter=Tempo - Não é a hora para falar)
Page 15... (3500 processados)
  Pagina 15: 250 leads
  #3502 edsonstieg@hotmail.com: opp=OK field=OK (cf_motivo_de_perda_hunter=Tempo - Não é a hora para falar)
  #3507 rubencampos@gruporp1.com.br: opp=OK field=OK (cf_motivo_de_perda_hunter=Negócio duplicado - Já é cliente)
  #3508 neiabatista191@gmail.com: opp=OK field=OK (cf_motivo_de_perda_hunter=Tempo - Não é a hora para falar)
  #3509 sgttedmar@gmail.com: opp=OK field=OK (cf_motivo_de_perda_hunter=Autoridade - não tem poder de decisão)
  #3511 edson.diretor@naturalgasbr.com.br: opp=OK field=OK (cf_motivo_de_perda_hunter=Tempo - Não é a hora para falar)
  #3513 posto.cordeirofilhos@gmail.com: opp=OK field=OK (cf_motivo_de_perda_hunter=Tentativas de contato esgotadas)
  #3514 autoposto.silvaevenancio@gmail.com: opp=OK field=OK (cf_motivo_de_perda_hunter=Tentativas de contato esgotadas)
  #3515 timachado@msn.com: opp=OK field=OK (cf_motivo_de_perda_closer=Tempo - Troca do sistema de gestão)
  #3517 silvaneidetga@hotmail.com: opp=OK field=OK (cf_motivo_de_perda_hunter=Tentativas de contato esgotadas)
  #3519 updatejvbragato@gmail.com: opp=OK field=OK (cf_motivo_de_perda_hunter=Tempo - Não é a hora para falar)
  #3522 postothawan@hotmail.com: nao encontrado no RD
  #3523 guilherme@grupomarlin.com.br: nao encontrado no RD
  #3524 autopostosilvestre@gmail.com: opp=OK field=OK (cf_motivo_de_perda_closer=Não tem autoridade)
  #3527 jr.adauto@gmail.com: opp=OK field=OK (cf_motivo_de_perda_hunter=Já possui compromisso financeiro com o programa da bandeira)
  #3528 very.girardi@gmail.com: opp=OK field=OK (cf_motivo_de_perda_hunter=Autoridade - não tem poder de decisão)
  #3531 fb.felipe@hotmail.com: opp=OK field=OK (cf_motivo_de_perda_closer=Orçamento - Falta de Budget)
  #3534 romildo.fernandes@redecna.com.br: opp=OK field=OK (cf_motivo_de_perda_closer=Não tem autoridade)
  #3538 joandersonvca@hotmail.com: opp=OK field=OK (cf_motivo_de_perda_hunter=Tempo - Não é a hora para falar)
  #3553 cristina@petrokar.com.br: opp=OK field=OK (cf_motivo_de_perda_hunter=Não é posto de combustíveis)
  #3557 emanuelesouza926@gmail.com: opp=OK field=OK (cf_motivo_de_perda_hunter=Tentativas de contato esgotadas)
  #3559 apsrmdc@hotmail.com: nao encontrado no RD
  #3560 comercialserrafm879@gmail.com: nao encontrado no RD
  #3561 lkcarli@hotmail.com: opp=OK field=OK (cf_motivo_de_perda_hunter=Tempo - Não é a hora para falar)
  #3562 autopostocaranda@gmail.com: nao encontrado no RD
  #3563 luizalcordeiro@gmail.com: opp=OK field=OK (cf_motivo_de_perda_hunter=Tentativas de contato esgotadas)
  #3566 RICHARDOBA2020@OUTLOO.COM: nao encontrado no RD
  #3570 wordxcaji@gmail.com: opp=OK field=OK (cf_motivo_de_perda_hunter=Tentativas de contato esgotadas)
  #3571 autopostocabralia@hotmail.vom: opp=OK field=OK (cf_motivo_de_perda_hunter=Tentativas de contato esgotadas)
  #3578 None: nao encontrado no RD
  #3580 postoserranocn@hotmail.com: nao encontrado no RD
  #3581 rodrigoccosta08@icloud.com: opp=OK field=OK (cf_motivo_de_perda_hunter=Tentativas de contato esgotadas)
  #3582 lucianotrigo@veloxmail.com.br: opp=OK field=OK (cf_motivo_de_perda_closer=Concorrência - Está negociando com outra empresa)
  #3584 adanyran@gmail.com: opp=OK field=OK (cf_motivo_de_perda_hunter=Já possui compromisso financeiro com o programa da bandeira)
  #3585 tulioluzsansone@gmail.com: opp=OK field=OK (cf_motivo_de_perda_hunter=Tempo - Não é a hora para falar)
  #3586 austenez@gmail.com: opp=OK field=OK (cf_motivo_de_perda_hunter=Não é posto de combustíveis)
  #3587 autopostoavenidaomuriae@hotmail.com: opp=OK field=OK (cf_motivo_de_perda_hunter=Tentativas de contato esgotadas)
  #3588 marcio.hbezerra@gmail.com: opp=OK field=OK (cf_motivo_de_perda_hunter=Tentativas de contato esgotadas)
  #3589 postoguarani@hotmail.com: opp=OK field=OK (cf_motivo_de_perda_hunter=Tentativas de contato esgotadas)
  #3590 wagner0301@hotmail.com: opp=OK field=OK (cf_motivo_de_perda_hunter=Tentativas de contato esgotadas)
  #3592 brunovsouza80@yahoo.com.br: opp=OK field=OK (cf_motivo_de_perda_hunter=Tentativas de contato esgotadas)
  #3593 anacristina@vcmail.com.br: opp=OK field=OK (cf_motivo_de_perda_hunter=Tentativas de contato esgotadas)
  #3594 juliopitol@hotmail.com: opp=OK field=OK (cf_motivo_de_perda_closer=Tempo - Troca do sistema de gestão)
  #3595 None: nao encontrado no RD
  #3599 postowilly@gmail.com: nao encontrado no RD
  #3604 jarivilson34@gmail.com: opp=OK field=OK (cf_motivo_de_perda_hunter=Não é posto de combustíveis)
  #3607 vivianpaz1_@hotmail.com: opp=OK field=OK (cf_motivo_de_perda_hunter=Tentativas de contato esgotadas)
  #3608 petromile@yahoo.com.br: nao encontrado no RD
  #3610 None: nao encontrado no RD
  #3614 autopostobelavistacap@hotmail.com: nao encontrado no RD
  #3616 maykon@redecowboy.com.br: opp=OK field=OK (cf_motivo_de_perda_closer=Não tem autoridade)
  #3619 fernando@tllocadora.com.br: opp=OK field=OK (cf_motivo_de_perda_hunter=Tempo - Não é a hora para falar)
  #3621 None: nao encontrado no RD
  #3622 postopedraforte@gmail.com: opp=OK field=OK (cf_motivo_de_perda_hunter=Tentativas de contato esgotadas)
  #3623 josedesouzacardosojose@gmail.com: opp=OK field=OK (cf_motivo_de_perda_hunter=Tentativas de contato esgotadas)
  #3626 fernando.redeestoril@hotmail.com: opp=OK field=OK (cf_motivo_de_perda_hunter=Tempo - Não é a hora para falar)
  #3631 pedrorocha81@hotmail.com: opp=OK field=OK (cf_motivo_de_perda_hunter=Negócio duplicado - Já está em negociação)
  #3632 osmar.rossetto@gmail.com: opp=OK field=OK (cf_motivo_de_perda_hunter=Negócio duplicado - Já é cliente)
  #3633 arimuniz10@gmail.com: opp=OK field=OK (cf_motivo_de_perda_hunter=Não é posto de combustíveis)
  #3634 gerenciacomercial@modula.com.br: opp=OK field=OK (cf_motivo_de_perda_hunter=Não é posto de combustíveis)
  #3640 posto.capimdourado@hotmail.com: nao encontrado no RD
  #3642 aptrivela@outlook.com: nao encontrado no RD
  #3643 ap.dtpetro@gmail.com: opp=OK field=OK (cf_motivo_de_perda_hunter=Tempo - Não é a hora para falar)
  #3644 postotransavaltaperoa@gmail.com: nao encontrado no RD
  #3645 marcelocarbonari@uol.com.br: opp=OK field=OK (cf_motivo_de_perda_hunter=Já possui compromisso financeiro com o programa da bandeira)
  #3646 joaopedropassamani@gmail.com: opp=OK field=OK (cf_motivo_de_perda_hunter=Tentativas de contato esgotadas)
  #3650 postosertanejogg@gmail.com: opp=OK field=OK (cf_motivo_de_perda_hunter=Tentativas de contato esgotadas)
  #3654 redetdgama@gmail.com: opp=OK field=OK (cf_motivo_de_perda_hunter=Tentativas de contato esgotadas)
  #3663 girleidecosta2017@gmail.com: opp=OK field=OK (cf_motivo_de_perda_hunter=Tentativas de contato esgotadas)
  #3664 ricardo.25963@gmail.com: opp=OK field=OK (cf_motivo_de_perda_hunter=Tentativas de contato esgotadas)
  #3665 auditoriaredeceara@gmail.com: opp=OK field=OK (cf_motivo_de_perda_hunter=Tentativas de contato esgotadas)
  #3667 diretoria.redecruzada@gmail.com: opp=OK field=OK (cf_motivo_de_perda_hunter=Tempo - Não é a hora para falar)
  #3671 pedronogueira@nogueiraraposo.com.br: nao encontrado no RD
  #3672 clodoaldormoura@gmail.com: opp=OK field=OK (cf_motivo_de_perda_hunter=Tentativas de contato esgotadas)
  #3673 gabrielsateixeira@gmail.com: opp=OK field=OK (cf_motivo_de_perda_hunter=Concorrência - Já possui programa de fidelidade)
  #3674 jfdaneluzzi@hotmail.com: opp=OK field=OK (cf_motivo_de_perda_hunter=Tempo - Não é a hora para falar)
  #3676 carlosjribeiro27@gmail.com: opp=OK field=OK (cf_motivo_de_perda_hunter=Tentativas de contato esgotadas)
  #3677 gerencialoja@postosiguatemi.com.br: opp=OK field=OK (cf_motivo_de_perda_hunter=Tentativas de contato esgotadas)
  #3678 jrbarboza011@gmail.com: opp=OK field=OK (cf_motivo_de_perda_hunter=Tentativas de contato esgotadas)
  #3679 yasminribeirodossantos60@gmail.com: opp=OK field=OK (cf_motivo_de_perda_hunter=Tentativas de contato esgotadas)
  #3680 edisantonio@gmail.com.br: opp=OK field=OK (cf_motivo_de_perda_hunter=Tentativas de contato esgotadas)
  #3681 danielamassela@hotmail.com: opp=OK field=OK (cf_motivo_de_perda_hunter=Tentativas de contato esgotadas)
  #3682 amandasantos7124@gmail.com: opp=OK field=OK (cf_motivo_de_perda_hunter=Tentativas de contato esgotadas)
  #3683 sergicarvalho1976@gmail.com: opp=OK field=OK (cf_motivo_de_perda_hunter=Negócio duplicado - Já é cliente)
  #3685 autopostoforquilhinha@gmail.com: nao encontrado no RD
  #3687 ruybcneto@hotmail.com: nao encontrado no RD
  #3690 alicecavalcanti@redeops.com.br: opp=OK field=OK (cf_motivo_de_perda_hunter=Tempo - Não é a hora para falar)
  #3691 jaelsoncsantos@hotmail.com: opp=OK field=OK (cf_motivo_de_perda_hunter=Tempo - Não é a hora para falar)
  #3693 monteiro.rededal@hotmail.com: nao encontrado no RD
  #3694 ceramixceramica@gmail.com: opp=OK field=OK (cf_motivo_de_perda_hunter=Tentativas de contato esgotadas)
  #3695 postoquintell@gmail.com: opp=OK field=OK (cf_motivo_de_perda_hunter=Tempo - Não é a hora para falar)
  #3696 oolegariodias@gmail.com: opp=OK field=OK (cf_motivo_de_perda_hunter=Tempo - Não é a hora para falar)
  #3698 postotamoyo1@gmail.com: nao encontrado no RD
  #3699 bomsucessoautoposto@gmail.com: opp=OK field=OK (cf_motivo_de_perda_hunter=Tempo - Não é a hora para falar)
  #3700 micaiasdantas90@gmail.com: opp=OK field=OK (cf_motivo_de_perda_hunter=Tentativas de contato esgotadas)
  #3701 ree-borges@hotmail.com: opp=OK field=OK (cf_motivo_de_perda_hunter=Tentativas de contato esgotadas)
  #3706 gerencia@redeuirapuru.com.br: nao encontrado no RD
  #3707 amanda.avalon1@gmail.com: opp=OK field=OK (cf_motivo_de_perda_hunter=Tentativas de contato esgotadas)
  #3709 kiddolar@hotmail.com: opp=OK field=OK (cf_motivo_de_perda_hunter=Tentativas de contato esgotadas)
  #3710 autopostoandrade@outlook.com: opp=OK field=OK (cf_motivo_de_perda_hunter=Tempo - Não é a hora para falar)
  #3711 wendellniquini@gmail.com: nao encontrado no RD
  #3712 tamirescpiva@gmail.com: nao encontrado no RD
  #3713 financeiropostoclip@andrademarinho.com.br: opp=OK field=OK (cf_motivo_de_perda_hunter=Tempo - Não é a hora para falar)
  #3715 klyngermachado@hotmail.com: nao encontrado no RD
  #3716 klyngermachado@hotmail.com: nao encontrado no RD
  #3718 alebatistti@gmail.com: opp=OK field=OK (cf_motivo_de_perda_hunter=Tentativas de contato esgotadas)
  #3721 lftcastro@gmail.com: opp=OK field=OK (cf_motivo_de_perda_hunter=Tempo - Não é a hora para falar)
  #3729 gerencia.matriz@pneussantahelena.com.br: nao encontrado no RD
  #3731 laiscamillemajeski3006@gmail.com: nao encontrado no RD
  #3733 posto.capimdourado@hotmail.com: nao encontrado no RD
  #3736 fb.felipe@hotmail.com: opp=OK field=OK (cf_motivo_de_perda_closer=Perfil inadequado)
Page 16... (3750 processados)
  Pagina 16: 250 leads
  #3751 Jeanmcferreira@outlook.com: nao encontrado no RD
  #3753 leilianaamorimpires@gmail.com: opp=OK field=OK (cf_motivo_de_perda_hunter=Tentativas de contato esgotadas)
  #3754 josimar-91@hotmail.com: opp=OK field=OK (cf_motivo_de_perda_hunter=Tentativas de contato esgotadas)
  #3759 luiscpessoa@hotmail.com: opp=OK field=OK (cf_motivo_de_perda_hunter=Tentativas de contato esgotadas)
  #3760 misantuchi@gmail.com: opp=OK field=OK (cf_motivo_de_perda_hunter=Negócio duplicado - Já é cliente)
  #3762 postocaicara@gmail.com: opp=OK field=OK (cf_motivo_de_perda_hunter=Tempo - Não é a hora para falar)
  #3763 elder@moradaap.com.br: opp=OK field=OK (cf_motivo_de_perda_hunter=Autoridade - não tem poder de decisão)
  #3765 maicombarella@hotmail.com: opp=OK field=OK (cf_motivo_de_perda_hunter=Tentativas de contato esgotadas)
  #3771 s.lopes_adv@outlook.com: opp=OK field=OK (cf_motivo_de_perda_closer=Não tem autoridade)
  #3777 iranportaldeminas@hotmail.com: nao encontrado no RD
  #3778 postonsf@outlook.com: nao encontrado no RD
  #3780 almirpostoinga@gmail.com: nao encontrado no RD
  #3783 contasapagar@postosviamais.com.br: opp=OK field=OK (cf_motivo_de_perda_hunter=Negócio duplicado - Já é cliente)
  #3789 administrativo@postosh7.com.br: opp=OK field=OK (cf_motivo_de_perda_hunter=Tempo - Não é a hora para falar)
  #3790 samela@jvcalimentos.com.br: opp=OK field=OK (cf_motivo_de_perda_hunter=Tentativas de contato esgotadas)
  #3792 mateuspostojk@gmail.com: opp=OK field=OK (cf_motivo_de_perda_hunter=Tentativas de contato esgotadas)
  #3793 comercialpostoprime@gmail.com: nao encontrado no RD
  #3803 paulorduarte@msns.com: opp=OK field=OK (cf_motivo_de_perda_hunter=Tempo - Não é a hora para falar)
  #3804 djalmalira32@gmail.com: nao encontrado no RD
  #3805 vp908012@gmail.com: opp=OK field=OK (cf_motivo_de_perda_hunter=Autoridade - não tem poder de decisão)
  #3806 mauriciogerlinger@hotmail.com: nao encontrado no RD
  #3812 daniellastreisky@gmail.com: opp=OK field=OK (cf_motivo_de_perda_hunter=Tentativas de contato esgotadas)
  #3823 ederson0302@icloud.com: opp=OK field=OK (cf_motivo_de_perda_hunter=Contrato de exclusividade na região)
  #3826 analibralon@terra.com.br: opp=OK field=OK (cf_motivo_de_perda_hunter=Tempo - Não é a hora para falar)
  #3841 meripostobellatorres@gmail.com: opp=OK field=OK (cf_motivo_de_perda_hunter=Tempo - Não é a hora para falar)
  #3846 rodrigo.o@estradadistribuidora.com.br: opp=OK field=OK (cf_motivo_de_perda_hunter=Tentativas de contato esgotadas)
  #3849 postoalbatroziriri@hotmail.com: opp=OK field=OK (cf_motivo_de_perda_hunter=Negócio duplicado - Já é cliente)
  #3850 valdivamachado@hotmail.com: opp=OK field=OK (cf_motivo_de_perda_hunter=Tempo - Não é a hora para falar)
  #3851 fausto.js@hotmsil.com: opp=OK field=OK (cf_motivo_de_perda_hunter=Tentativas de contato esgotadas)
  #3853 bentomamedes@bol.com.br: nao encontrado no RD
  #3854 atupinamba72@yahoo.colm.br: opp=OK field=OK (cf_motivo_de_perda_hunter=Tempo - Não é a hora para falar)
  #3867 alexandre@grupoportobrasil.com.br: nao encontrado no RD
  #3874 comercial@postoguerra.com.br: opp=OK field=OK (cf_motivo_de_perda_closer=Lead alegou que não viu valor)
  #3886 wandersonpopular@outlook.com: nao encontrado no RD
  #3897 rededepostosrxf@hotmail.com: opp=OK field=OK (cf_motivo_de_perda_hunter=Concorrência - Já possui programa de fidelidade)
  #3906 glaubercanella82@gmail.com: opp=OK field=OK (cf_motivo_de_perda_hunter=Tentativas de contato esgotadas)
  #3917 marly@postomarinho.com.br: opp=OK field=OK (cf_motivo_de_perda_hunter=Já possui compromisso financeiro com o programa da bandeira)
  #3918 postovaleouro@gmail.com: opp=OK field=OK (cf_motivo_de_perda_hunter=Negócio duplicado - Já é cliente)
  #3925 glauber.mitsu@gmail.com: opp=OK field=OK (cf_motivo_de_perda_hunter=Tempo - Não é a hora para falar)
  #3931 rafaelcorreia308@gmail.com: opp=OK field=OK (cf_motivo_de_perda_hunter=Tentativas de contato esgotadas)
  #3933 gautoposto@hotmail.com: nao encontrado no RD
  #3934 rizzotto@contato.net: nao encontrado no RD
  #3941 hugoluizz@hotmail.com: opp=OK field=OK (cf_motivo_de_perda_hunter=Tempo - Não é a hora para falar)
  #3945 fiscal@postopacheco.com.br: opp=OK field=OK (cf_motivo_de_perda_hunter=Tentativas de contato esgotadas)
  #3947 gerencia1@grupomanrique.com.br: opp=OK field=OK (cf_motivo_de_perda_hunter=Tempo - Não é a hora para falar)
  #3952 DPETROLEO.CLETO@GMAIL.COM: nao encontrado no RD
  #3959 postocruzeiroal@gmail.com: opp=OK field=OK (cf_motivo_de_perda_hunter=Tempo - Não é a hora para falar)
  #3983 francimenegotto@hotmail.com: opp=OK field=OK (cf_motivo_de_perda_hunter=Tempo - Não é a hora para falar)
  #3989 topojonas@icloud.com: opp=OK field=OK (cf_motivo_de_perda_hunter=Tentativas de contato esgotadas)
Page 17... (4000 processados)
  Pagina 17: 250 leads
  #4004 1: nao encontrado no RD
  #4006 victor.rodrigues0207@gmail.com: opp=OK field=OK (cf_motivo_de_perda_closer=Concorrência - Está negociando com outra empresa)
  #4009 ricardo.martins@supersaojudas.com.br: opp=OK field=OK (cf_motivo_de_perda_hunter=Autoridade - não tem poder de decisão)
  #4016 furtado549@gmail.com: opp=OK field=OK (cf_motivo_de_perda_hunter=Negócio duplicado - Já está em negociação)
  #4017 osimarnilo@gmail.com: opp=OK field=OK (cf_motivo_de_perda_hunter=Tentativas de contato esgotadas)
  #4018 contato@annapremier.com.br: opp=OK field=OK (cf_motivo_de_perda_hunter=Negócio duplicado - Já é cliente)
  #4026 laecinunes@gmail.com: opp=OK field=OK (cf_motivo_de_perda_hunter=Tentativas de contato esgotadas)
  #4029 atusjoaomelo@gmail.com: nao encontrado no RD
  #4039 marenilda123@gmail.com: opp=OK field=OK (cf_motivo_de_perda_hunter=Tentativas de contato esgotadas)
  #4041 mataripe@mataripe.com.br: nao encontrado no RD
  #4043 andrelippigarcia@gmail.com: opp=OK field=OK (cf_motivo_de_perda_closer=Não tem autoridade)
  #4050 postomoraesesilva@gmail.com: opp=OK field=OK (cf_motivo_de_perda_hunter=Tempo - Não é a hora para falar)
  #4055 postomedianeirars@gmail.com: opp=OK field=OK (cf_motivo_de_perda_hunter=Tentativas de contato esgotadas)
  #4058 postosv8@gmail.com: opp=OK field=OK (cf_motivo_de_perda_closer=Orçamento - Falta de Budget)
  #4061 richardoba2020@outlouk.com: nao encontrado no RD
  #4063 arthurjdtorres@icloud.com: opp=OK field=OK (cf_motivo_de_perda_closer=Não se Aplica)
  #4064 pedro@redejunqueira.com.br: opp=OK field=OK (cf_motivo_de_perda_hunter=Tempo - Não é a hora para falar)
  #4065 arquimedesgodoi@grupomagnolia.com.br: opp=OK field=OK (cf_motivo_de_perda_hunter=Tentativas de contato esgotadas)
  #4076 postoeldora1808@gmail.com: nao encontrado no RD
  #4079 comercial@redesaoroque.com.br: opp=OK field=OK (cf_motivo_de_perda_hunter=Tentativas de contato esgotadas)
  #4092 diretoria.grupoms@outlook.com: opp=OK field=OK (cf_motivo_de_perda_hunter=Tempo - Não é a hora para falar)
  #4106 junior@edcol.com.br: nao encontrado no RD
  #4108 gmalaquiasvieira@gmail.com: nao encontrado no RD
  #4109 posto.serrinha@yahoo.com.br: nao encontrado no RD
  #4110 postopontochique@gmail.com: nao encontrado no RD
  #4113 apbussinger@hotmail.com: opp=OK field=OK (cf_motivo_de_perda_hunter=Tentativas de contato esgotadas)
  #4114 glauber.mitsu@gmail.com: opp=OK field=OK (cf_motivo_de_perda_hunter=Tentativas de contato esgotadas)
  #4115 jonasezeq@hotmail.com: opp=OK field=OK (cf_motivo_de_perda_hunter=Tentativas de contato esgotadas)
  #4116 pauloagpetro@gmail.com: opp=OK field=OK (cf_motivo_de_perda_hunter=Tentativas de contato esgotadas)
  #4118 dgcrcombustiveis@gmail.com: opp=OK field=OK (cf_motivo_de_perda_hunter=Tentativas de contato esgotadas)
  #4119 adrianofur@gmail.com: opp=OK field=OK (cf_motivo_de_perda_hunter=Tentativas de contato esgotadas)
  #4120 carineguerra@gmail.com: opp=OK field=OK (cf_motivo_de_perda_hunter=Tentativas de contato esgotadas)
  #4122 wkreb@me.com: nao encontrado no RD
  #4129 CINARACASTROMENDES@HOTMAIL.COM: opp=OK field=OK (cf_motivo_de_perda_hunter=Tentativas de contato esgotadas)
  #4132 anapauladasilva07@outlook.com: opp=OK field=OK (cf_motivo_de_perda_hunter=Tempo - Não é a hora para falar)
  #4170 souzarhebeka@gmail.com: opp=OK field=OK (cf_motivo_de_perda_hunter=Negócio duplicado - Já está em negociação)
  #4171 autopostoh7@gmail.com: opp=OK field=OK (cf_motivo_de_perda_hunter=Negócio duplicado - Já está em negociação)
  #4172 ipeamarelo.posto@gmail.com: opp=OK field=OK (cf_motivo_de_perda_hunter=Contrato de exclusividade na região)
  #4173 absposto@uol.com.br: opp=OK field=OK (cf_motivo_de_perda_hunter=Negócio duplicado - Já é cliente)
  #4174 santossilvailziccldedos@gmail.com: opp=OK field=OK (cf_motivo_de_perda_hunter=Dados insuficientes)
  #4175 marlene.runha@hotmail.com: opp=OK field=OK (cf_motivo_de_perda_hunter=Negócio duplicado - Já é cliente)
  #4176 geumoura@hotmail.com: opp=OK field=OK (cf_motivo_de_perda_hunter=Negócio duplicado - Já é cliente)
  #4177 marcelogeniall@gmail.com: opp=OK field=OK (cf_motivo_de_perda_hunter=Negócio duplicado - Já é cliente)
  #4178 davibritto@hotmail.com: opp=OK field=OK (cf_motivo_de_perda_hunter=Negócio duplicado - Já está em negociação)
  #4179 autopostoh7@gmail.com: opp=OK field=OK (cf_motivo_de_perda_hunter=Negócio duplicado - Já está em negociação)
  #4180 moraes.pinto@hotmail.com: opp=OK field=OK (cf_motivo_de_perda_hunter=Negócio duplicado - Já é cliente)
  #4181 altopostobixudepe@gmail.com: nao encontrado no RD
  #4182 administrativo@postouniauto.com.br: nao encontrado no RD
  #4183 postosaojorgeleite@hotmail.com: opp=OK field=OK (cf_motivo_de_perda_hunter=Tentativas de contato esgotadas)
  #4184 cleucioazevedo@yahoo.com.br: opp=OK field=OK (cf_motivo_de_perda_hunter=Tentativas de contato esgotadas)
  #4185 carlosafpaula@postoavenida.com: opp=OK field=OK (cf_motivo_de_perda_hunter=Tentativas de contato esgotadas)
  #4186 eduardo@pinheiroborges.com.br: opp=OK field=OK (cf_motivo_de_perda_hunter=Tentativas de contato esgotadas)
  #4187 ingridmtsilva@gmail.com: opp=OK field=OK (cf_motivo_de_perda_hunter=Não é posto de combustíveis)
  #4192 eugeniobbernardes@gmail.com: opp=OK field=OK (cf_motivo_de_perda_hunter=Tentativas de contato esgotadas)
  #4193 autoposto-guairaca@hotmail.com: opp=OK field=OK (cf_motivo_de_perda_hunter=Tentativas de contato esgotadas)
  #4197 stvava@hotmail.com: opp=OK field=OK (cf_motivo_de_perda_hunter=Tentativas de contato esgotadas)
  #4199 dmperez@bol.com.br: opp=OK field=OK (cf_motivo_de_perda_hunter=Tentativas de contato esgotadas)
  #4200 allexandrecs@gmail.com: opp=OK field=OK (cf_motivo_de_perda_hunter=Tentativas de contato esgotadas)
  #4201 voigtevandro@hotmail.com: opp=OK field=OK (cf_motivo_de_perda_hunter=Tempo - Não é a hora para falar)
  #4203 leandro.mantovani@gulfcombustiveis.com.br: opp=OK field=OK (cf_motivo_de_perda_hunter=Tentativas de contato esgotadas)
  #4208 setorfiscal@posto4.com.br: opp=OK field=OK (cf_motivo_de_perda_hunter=Concorrência - Já possui programa de fidelidade)
  #4209 postostantonio@hotmail.com: nao encontrado no RD
  #4210 veneto@petrosol.com.br: opp=OK field=OK (cf_motivo_de_perda_hunter=Tempo - Não é a hora para falar)
  #4213 ailtonlopesferreiraneto@gmail.com: opp=OK field=OK (cf_motivo_de_perda_hunter=Autoridade - não tem poder de decisão)
  #4214 paulogomess2026@gmail.com: opp=OK field=OK (cf_motivo_de_perda_hunter=Dados insuficientes)
  #4215 gabrielportelagsd@gmail.com: opp=OK field=OK (cf_motivo_de_perda_hunter=Tentativas de contato esgotadas)
  #4221 lucianalimanobre@gmail.com: opp=OK field=OK (cf_motivo_de_perda_closer=Não tem autoridade)
  #4222 autopostoouroverde2631@gmail.com: nao encontrado no RD
  #4223 souza95@outlook.com: opp=OK field=OK (cf_motivo_de_perda_hunter=Tentativas de contato esgotadas)
  #4227 postolider02@hotmail.com: opp=OK field=OK (cf_motivo_de_perda_hunter=Tentativas de contato esgotadas)
  #4229 henriquesousacontato@gmail.com: opp=OK field=OK (cf_motivo_de_perda_hunter=Tentativas de contato esgotadas)
  #4238 mrb1gasgas@gmail.com: nao encontrado no RD
  #4243 anna@redejb.com.br: opp=OK field=OK (cf_motivo_de_perda_hunter=Tempo - Não é a hora para falar)
  #4244 themisandrade@hotmail.com: nao encontrado no RD
  #4246 andrequeralvares@gmail.com: opp=OK field=OK (cf_motivo_de_perda_hunter=Tentativas de contato esgotadas)
Page 18... (4250 processados)
  Pagina 18: 250 leads
  #4254 celsoribeiro3@gmail.com: opp=OK field=OK (cf_motivo_de_perda_hunter=Tempo - Não é a hora para falar)
  #4259 themisandrade@hotmail.com: nao encontrado no RD
  #4260 helitontrevao@terra.com.br: nao encontrado no RD
  #4264 leilianaamorimpires@gmail.com: opp=OK field=OK (cf_motivo_de_perda_hunter=Tentativas de contato esgotadas)
  #4270 marcelosyllvaa@gmail.com: opp=OK field=OK (cf_motivo_de_perda_hunter=Não é posto de combustíveis)
  #4271 josyelia@gmail.com: opp=OK field=OK (cf_motivo_de_perda_hunter=Negócio duplicado - Já é cliente)
  #4285 celsoribeiro3@gmail.com: opp=OK field=OK (cf_motivo_de_perda_hunter=Tentativas de contato esgotadas)
  #4287 postopicolli@uol.com.br: opp=OK field=OK (cf_motivo_de_perda_hunter=Tentativas de contato esgotadas)
  #4289 redeipe.gerenciatresbarras@gmail.com: opp=OK field=OK (cf_motivo_de_perda_hunter=Negócio duplicado - Já é cliente)
  #4290 escritorioredejr@redejr.com: opp=OK field=OK (cf_motivo_de_perda_hunter=Tempo - Não é a hora para falar)
  #4292 ramon.ito@hotmail.com: opp=OK field=OK (cf_motivo_de_perda_hunter=Negócio duplicado - Já é cliente)
  #4293 alternativa.posto@outlook.com: opp=OK field=OK (cf_motivo_de_perda_hunter=Tempo - Não é a hora para falar)
  #4294 taniatanialeite60@gmail.com: opp=OK field=OK (cf_motivo_de_perda_hunter=Negócio duplicado - Já é cliente)
  #4298 ps.jdnovomundo@hotmail.com: nao encontrado no RD
  #4299 alanpereira1046@gmail.com: nao encontrado no RD
  #4305 eduardofelipe16@live.com: opp=OK field=OK (cf_motivo_de_perda_hunter=Tentativas de contato esgotadas)
  #4306 autopostoestrelaguia@yahoo.com.br: nao encontrado no RD
  #4307 ricardobakana13@gmail.com: opp=OK field=OK (cf_motivo_de_perda_hunter=Negócio duplicado - Já é cliente)
  #4308 carlosbarboza@gpparana.com: opp=OK field=OK (cf_motivo_de_perda_hunter=Tempo - Não é a hora para falar)
  #4315 postocorumbago@hotmail.com: opp=OK field=OK (cf_motivo_de_perda_hunter=Tentativas de contato esgotadas)
  #4316 marcia@postorosangela.com.br: opp=OK field=OK (cf_motivo_de_perda_hunter=Tentativas de contato esgotadas)
  #4319 marciafauzi@hotmail.com: opp=OK field=OK (cf_motivo_de_perda_hunter=Tentativas de contato esgotadas)
  #4321 redepostinhorj@gmail.com: nao encontrado no RD
  #4322 contato@grupocopem.com.br: opp=OK field=OK (cf_motivo_de_perda_hunter=Tempo - Não é a hora para falar)
  #4325 juliocesaralbano@gmail.com: nao encontrado no RD
  #4326 postosaobento2020@gmail.com: nao encontrado no RD
  #4338 postosaolucasiatiltda@gmail.com: nao encontrado no RD
  #4339 luismorangueirads@gmail.com: opp=OK field=OK (cf_motivo_de_perda_hunter=Tentativas de contato esgotadas)
  #4341 kilbertolazarini90@gmail.com: opp=OK field=OK (cf_motivo_de_perda_hunter=Tentativas de contato esgotadas)
  #4344 z.o.sim.i.tova.ra1.6@gmail.com: opp=OK field=OK (cf_motivo_de_perda_hunter=Não é posto de combustíveis)
  #4347 emdelrosario.dc@gmail.com: opp=OK field=OK (cf_motivo_de_perda_hunter=Tentativas de contato esgotadas)
  #4348 flavio.s.souza@hotmail.com: opp=OK field=OK (cf_motivo_de_perda_hunter=Tentativas de contato esgotadas)
  #4349 alessanderflores@gmail.com: opp=OK field=OK (cf_motivo_de_perda_hunter=Tentativas de contato esgotadas)
  #4352 robertapaivacamposdeizy@gmail.com: opp=OK field=OK (cf_motivo_de_perda_hunter=Tentativas de contato esgotadas)
  #4356 terezaboaventura@hotmail.com: opp=OK field=OK (cf_motivo_de_perda_hunter=Contrato de exclusividade na região)
  #4360 jo.sbs@icloud.com: opp=OK field=OK (cf_motivo_de_perda_hunter=Tentativas de contato esgotadas)
  #4363 financeiropostoagrovila@gmail.com: nao encontrado no RD
  #4364 shcomcomb@gmail.com: opp=OK field=OK (cf_motivo_de_perda_hunter=Negócio duplicado - Já está em negociação)
  #4366 12kevinnalves@gmail.com: opp=OK field=OK (cf_motivo_de_perda_hunter=Tentativas de contato esgotadas)
  #4367 juliano@gnaves.com.br: opp=OK field=OK (cf_motivo_de_perda_hunter=Tentativas de contato esgotadas)
  #4369 autopostocastanha@gmail.com: opp=OK field=OK (cf_motivo_de_perda_hunter=Tentativas de contato esgotadas)
  #4372 superlima_daiane@hotmail.com: opp=OK field=OK (cf_motivo_de_perda_hunter=Tentativas de contato esgotadas)
  #4382 philadelphiaautoposto@hotmail.com: opp=OK field=OK (cf_motivo_de_perda_hunter=Tentativas de contato esgotadas)
  #4384 analuciamix@hotmail.com: opp=OK field=OK (cf_motivo_de_perda_hunter=Tentativas de contato esgotadas)
  #4385 tgoliveiraadm@gmail.com: nao encontrado no RD
  #4395 postobandeirantescg@gmail.com: opp=OK field=OK (cf_motivo_de_perda_closer=Não tem autoridade)
  #4399 gerente@leaovale.com.br: opp=OK field=OK (cf_motivo_de_perda_closer=Perfil inadequado)
  #4407 jurandir244dias@gmail.com: opp=OK field=OK (cf_motivo_de_perda_hunter=Não é posto de combustíveis)
  #4408 postobb@live.com: opp=OK field=OK (cf_motivo_de_perda_closer=Não tem autoridade)
  #4412 carloshenriquegordim@gmail.com: opp=OK field=OK (cf_motivo_de_perda_hunter=Tentativas de contato esgotadas)
  #4413 lucianazanella0706@gmail.com: opp=OK field=OK (cf_motivo_de_perda_hunter=Tentativas de contato esgotadas)
  #4416 andremoosherr@hotmail.com: nao encontrado no RD
  #4418 cm.queiroz@terra.com.br: opp=OK field=OK (cf_motivo_de_perda_hunter=Tempo - Não é a hora para falar)
  #4437 rafaelmonteiro.pnz77@gmail.com: opp=OK field=OK (cf_motivo_de_perda_hunter=Tentativas de contato esgotadas)
  #4438 postofast.americana@gmail.com: nao encontrado no RD
  #4439 wilkermagnoadm@gmail.com: opp=OK field=OK (cf_motivo_de_perda_hunter=Tempo - Não é a hora para falar)
  #4440 auzineteholanda@gmail.com: opp=OK field=OK (cf_motivo_de_perda_hunter=Tentativas de contato esgotadas)
  #4444 barbarasoreto@hotmail.com: opp=OK field=OK (cf_motivo_de_perda_hunter=Tentativas de contato esgotadas)
  #4466 estoque.rvmmax@gruporvm.com.br: opp=OK field=OK (cf_motivo_de_perda_hunter=Tentativas de contato esgotadas)
  #4467 postobarralonga@hotmail.com: opp=OK field=OK (cf_motivo_de_perda_closer=Não se Aplica)
  #4468 homerotorres@gmail.com: opp=OK field=OK (cf_motivo_de_perda_closer=Churn - Dificuldade na implantação)
  #4470 serginhoaraujo100@hotmail.com: opp=OK field=OK (cf_motivo_de_perda_closer=Não tem autoridade)
  #4471 fernando@postovilagermanica.com.br: opp=OK field=OK (cf_motivo_de_perda_hunter=Placa de automação incompatível)
  #4472 aldafabio7@gmail.com: opp=OK field=OK (cf_motivo_de_perda_hunter=Tentativas de contato esgotadas)
  #4473 novosnegocios@fcmaxstands.com.br: opp=OK field=OK (cf_motivo_de_perda_hunter=Não é posto de combustíveis)
  #4474 postoparis2025@gmail.com: opp=OK field=OK (cf_motivo_de_perda_hunter=Tentativas de contato esgotadas)
  #4483 vitorftardin@hotmail.com: opp=OK field=OK (cf_motivo_de_perda_hunter=Tempo - Não é a hora para falar)
  #4484 pmaraujo1401@gmail.com: opp=OK field=OK (cf_motivo_de_perda_closer=Não tem autoridade)
  #4485 robertoleandrini@uol.com.br: opp=OK field=OK (cf_motivo_de_perda_closer=Perfil inadequado)
  #4486 fiscal02@postogef.com.br: nao encontrado no RD
  #4487 joao@portaldepoa.com.br: opp=OK field=OK (cf_motivo_de_perda_hunter=Tentativas de contato esgotadas)
  #4488 marketing@postos3S.com.br: nao encontrado no RD
  #4489 marcosantonio_bogus@outlook.com: opp=OK field=OK (cf_motivo_de_perda_closer=Perfil inadequado)
  #4490 roselenemensilva18@gmail.com: opp=OK field=OK (cf_motivo_de_perda_hunter=Não é posto de combustíveis)
  #4492 postocaraca@hotmail.com: opp=OK field=OK (cf_motivo_de_perda_hunter=Contrato de exclusividade na região)
  #4493 rafaelgiannetti@hotmail.com: opp=OK field=OK (cf_motivo_de_perda_hunter=Tentativas de contato esgotadas)
  #4494 cristiane_jaco@ige.ind.br: opp=OK field=OK (cf_motivo_de_perda_hunter=Tentativas de contato esgotadas)
  #4499 gamaerica723@gmail.com: opp=OK field=OK (cf_motivo_de_perda_hunter=Não é posto de combustíveis)
Page 19... (4500 processados)
  Pagina 19: 250 leads
  #4501 reigiani@hotmail.com: opp=OK field=OK (cf_motivo_de_perda_hunter=Tempo - Não é a hora para falar)
  #4506 postovalente@yahoo.com.br: nao encontrado no RD
  #4507 redebeielcombustiveis@gmail.com: nao encontrado no RD
  #4508 dnonemacher@bol.com.br: opp=OK field=OK (cf_motivo_de_perda_hunter=Placa de automação incompatível)
  #4509 postostantonio@hotmail.com: nao encontrado no RD
  #4510 psmotter@gmail.com: nao encontrado no RD
  #4518 xaidecvo@gmail.com: opp=OK field=OK (cf_motivo_de_perda_hunter=Negócio duplicado - Já é cliente)
  #4519 manoelcordeirof4@gmail.com: opp=OK field=OK (cf_motivo_de_perda_hunter=Não é posto de combustíveis)
  #4521 natpachecopneus@yahoo.com: opp=OK field=OK (cf_motivo_de_perda_hunter=Tentativas de contato esgotadas)
  #4522 suzanasilvaoliveira093@gmail.com: opp=OK field=OK (cf_motivo_de_perda_hunter=Tentativas de contato esgotadas)
  #4524 becamilo.camilo@gmail.com: opp=OK field=OK (cf_motivo_de_perda_hunter=Tempo - Não é a hora para falar)
  #4530 souzarhebeka@gmail.com: opp=OK field=OK (cf_motivo_de_perda_hunter=Placa de automação incompatível)
  #4533 autopostoeconomico001@gmai.com: opp=OK field=OK (cf_motivo_de_perda_hunter=Tentativas de contato esgotadas)
  #4535 autopostocidadeparanaita@hotmail.com: opp=OK field=OK (cf_motivo_de_perda_hunter=Tentativas de contato esgotadas)
  #4536 adilson659@hotmail.com: opp=OK field=OK (cf_motivo_de_perda_hunter=Tentativas de contato esgotadas)
  #4537 autopostojc90@gmail.com: opp=OK field=OK (cf_motivo_de_perda_hunter=Tentativas de contato esgotadas)
  #4538 lucas@postodomeduardo.com.br: nao encontrado no RD
  #4540 postominasbahia2@gmail.com: nao encontrado no RD
  #4542 luisfernandocorreia526@gmail.com: opp=OK field=OK (cf_motivo_de_perda_hunter=Tentativas de contato esgotadas)
  #4544 sandrofreitas77016@gmail.com: opp=OK field=OK (cf_motivo_de_perda_hunter=Tentativas de contato esgotadas)
  #4547 anapaulaleite342@icloud.com: opp=OK field=OK (cf_motivo_de_perda_hunter=Tentativas de contato esgotadas)
  #4551 marciliojaribeiro@gmail.com: opp=OK field=OK (cf_motivo_de_perda_hunter=Tempo - Não é a hora para falar)
  #4552 eraldoguimaraes@hotmail.com: opp=OK field=OK (cf_motivo_de_perda_hunter=Tentativas de contato esgotadas)
  #4557 jdaqr2010@hotmail.com: opp=OK field=OK (cf_motivo_de_perda_hunter=Dados insuficientes)
  #4559 postosaogabriel7@gmail.com: opp=OK field=OK (cf_motivo_de_perda_hunter=Dados insuficientes)
  #4562 alan@aone.com.br: opp=OK field=OK (cf_motivo_de_perda_hunter=Tentativas de contato esgotadas)
  #4563 natalinocn21@gmail.com: opp=OK field=OK (cf_motivo_de_perda_closer=Não tem autoridade)
  #4564 moniqueml2010@hotmail.com: opp=OK field=OK (cf_motivo_de_perda_hunter=Tentativas de contato esgotadas)
  #4566 celso_carneiro_c@hotmail.com: nao encontrado no RD
  #4578 nilson@volendam.com.br: opp=OK field=OK (cf_motivo_de_perda_hunter=Tempo - Não é a hora para falar)
  #4579 sjpontual@pontuallogistica.com: nao encontrado no RD
  #4587 autoposto.paraiso@hotmail.com: nao encontrado no RD
  #4589 vivianebarreto410@gmail.com: opp=OK field=OK (cf_motivo_de_perda_hunter=Tentativas de contato esgotadas)
  #4590 lucassb1005@gmail.com: opp=OK field=OK (cf_motivo_de_perda_hunter=Tentativas de contato esgotadas)
  #4591 dandaragas@hotmail.com: opp=OK field=OK (cf_motivo_de_perda_hunter=Tentativas de contato esgotadas)
  #4594 rfbavenida@gmail.com: opp=OK field=OK (cf_motivo_de_perda_hunter=Contrato de exclusividade na região)
  #4595 yconhamel@hotmail.com: opp=OK field=OK (cf_motivo_de_perda_hunter=Tentativas de contato esgotadas)
  #4596 postorenan@gmail.com: nao encontrado no RD
  #4597 vitor.rodriguesg@gmail.com: opp=OK field=OK (cf_motivo_de_perda_hunter=Tempo - Não é a hora para falar)
  #4602 klyngermachado@hotmail.com: nao encontrado no RD
  #4603 postoturbinado@gmail.com: opp=OK field=OK (cf_motivo_de_perda_hunter=Tempo - Não é a hora para falar)
  #4608 racracpinheirio@gmail.com: nao encontrado no RD
  #4612 marina.d7@hotmail.com: opp=OK field=OK (cf_motivo_de_perda_hunter=Não é posto de combustíveis)
  #4613 giane.fonceca@hotmail.com: opp=OK field=OK (cf_motivo_de_perda_hunter=Tempo - Não é a hora para falar)
  #4615 eliandroesc2025@gmail.com: opp=OK field=OK (cf_motivo_de_perda_hunter=Autoridade - não tem poder de decisão)
  #4623 palitoposto@gmail.com: opp=OK field=OK (cf_motivo_de_perda_hunter=Tempo - Não é a hora para falar)
  #4625 tchelonobresantos@gmail.com: opp=OK field=OK (cf_motivo_de_perda_hunter=Tentativas de contato esgotadas)
  #4629 antonio.grupoalmeidagalvao@outlook.com: opp=OK field=OK (cf_motivo_de_perda_hunter=Tentativas de contato esgotadas)
  #4631 carlamkt@csape.com.br: opp=OK field=OK (cf_motivo_de_perda_closer=Tempo - Troca do sistema de gestão)
  #4632 pedrorivasadv@gmail.com: opp=OK field=OK (cf_motivo_de_perda_hunter=Tempo - Não é a hora para falar)
  #4634 mariaangela.work@gmail.com: opp=OK field=OK (cf_motivo_de_perda_hunter=Tentativas de contato esgotadas)
  #4637 karol_alb@hotmail.com: nao encontrado no RD
  #4638 tissalmeida@yahoo.com.br: opp=OK field=OK (cf_motivo_de_perda_hunter=Negócio duplicado - Já está em negociação)
  #4640 martacristina49925@gmail.com: opp=OK field=OK (cf_motivo_de_perda_hunter=Não é posto de combustíveis)
  #4642 mvcivil18@gmail.com: opp=OK field=OK (cf_motivo_de_perda_hunter=Tentativas de contato esgotadas)
  #4643 contato.jtorres1@gmail.com: opp=OK field=OK (cf_motivo_de_perda_hunter=Tentativas de contato esgotadas)
  #4644 shicleiton35@hotmail.com: opp=OK field=OK (cf_motivo_de_perda_hunter=Tentativas de contato esgotadas)
  #4647 viniciodap@gmail.com: nao encontrado no RD
  #4648 heloise.lojasnuele@gmail.com: opp=OK field=OK (cf_motivo_de_perda_hunter=Autoridade - não tem poder de decisão)
  #4650 delvispmaciel@gmail.com: opp=OK field=OK (cf_motivo_de_perda_hunter=Tentativas de contato esgotadas)
  #4653 financeiro@marzinho.com.br: opp=OK field=OK (cf_motivo_de_perda_hunter=Tempo - Não é a hora para falar)
  #4654 edinaldo2020007@gmail.com: opp=OK field=OK (cf_motivo_de_perda_hunter=Tentativas de contato esgotadas)
  #4657 jussaramendesjardimms@gmail.com: opp=OK field=OK (cf_motivo_de_perda_hunter=Não é posto de combustíveis)
  #4658 coruja2026@icloud.com: opp=OK field=OK (cf_motivo_de_perda_hunter=Negócio duplicado - Já está em negociação)
  #4661 junior@cearaalimentos.com.br: opp=OK field=OK (cf_motivo_de_perda_hunter=Negócio duplicado - Já é cliente)
  #4662 nailzobarbozabarboza@gmail.com: opp=OK field=OK (cf_motivo_de_perda_hunter=Tentativas de contato esgotadas)
  #4664 mccordeiro19@gmail.com: opp=OK field=OK (cf_motivo_de_perda_hunter=Tempo - Não é a hora para falar)
  #4668 pedroe.vicente21@gmail.com: opp=OK field=OK (cf_motivo_de_perda_hunter=Tentativas de contato esgotadas)
  #4669 lyama73@gmail.com: opp=OK field=OK (cf_motivo_de_perda_hunter=Tempo - Não é a hora para falar)
  #4671 macysouza00@hotmail.com: nao encontrado no RD
  #4674 posto.jpdp@gmail.com: nao encontrado no RD
  #4676 eduardo@siviero.com.br: nao encontrado no RD
  #4677 postopetroshop@gmail.com: nao encontrado no RD
  #4678 rafael.paludzyszyn@compasa.com.br: opp=OK field=OK (cf_motivo_de_perda_hunter=Tentativas de contato esgotadas)
  #4680 bergleyalmeida@hotmail.com: opp=OK field=OK (cf_motivo_de_perda_hunter=Tentativas de contato esgotadas)
  #4684 postosaodomingos@terra.com.br: opp=OK field=OK (cf_motivo_de_perda_hunter=Tentativas de contato esgotadas)
  #4685 ubiratanccosta@hotmail.com: opp=OK field=OK (cf_motivo_de_perda_hunter=Tentativas de contato esgotadas)
  #4686 lplobato20@gmail.com: opp=OK field=OK (cf_motivo_de_perda_hunter=Tentativas de contato esgotadas)
  #4689 ivanilda.costantino@gmail.com: opp=OK field=OK (cf_motivo_de_perda_hunter=Não é posto de combustíveis)
  #4691 lagoa@azul.com: opp=OK field=OK (cf_motivo_de_perda_hunter=Tentativas de contato esgotadas)
  #4693 postoecoporanga@hotmail.com: opp=OK field=OK (cf_motivo_de_perda_hunter=Negócio duplicado - Já está em negociação)
  #4694 rfbavenida@gmail.com: opp=OK field=OK (cf_motivo_de_perda_hunter=Negócio duplicado - Já está em negociação)
  #4695 deyvidxismenio@outlook.com: opp=OK field=OK (cf_motivo_de_perda_hunter=Negócio duplicado - Já está em negociação)
  #4696 rdpalotina@hotmail.com: opp=OK field=OK (cf_motivo_de_perda_hunter=Tentativas de contato esgotadas)
  #4698 jferreira43@gmail.com: opp=OK field=OK (cf_motivo_de_perda_closer=Tempo - Troca do sistema de gestão)
  #4699 romariovasconcelos04@gmail.com: opp=OK field=OK (cf_motivo_de_perda_hunter=Tempo - Não é a hora para falar)
  #4701 posto@araujolima.com: nao encontrado no RD
  #4704 rodrigomeireles_@outlool.com: opp=OK field=OK (cf_motivo_de_perda_hunter=Tempo - Não é a hora para falar)
  #4705 postoecoporanga@hotmail.com: opp=OK field=OK (cf_motivo_de_perda_hunter=Contrato de exclusividade na região)
  #4712 uniasfabiana27@gmail.com: opp=OK field=OK (cf_motivo_de_perda_hunter=Tentativas de contato esgotadas)
  #4715 postosaojoaosb@gmail.com: opp=OK field=OK (cf_motivo_de_perda_hunter=Tentativas de contato esgotadas)
  #4717 vitorleite617@gmail.com: opp=OK field=OK (cf_motivo_de_perda_hunter=Tentativas de contato esgotadas)
  #4718 osvaldinabm1950@gmail.com: opp=OK field=OK (cf_motivo_de_perda_hunter=Não é posto de combustíveis)
  #4719 postoblcm@gmail.com: opp=OK field=OK (cf_motivo_de_perda_hunter=Tentativas de contato esgotadas)
  #4720 cristiane.lealsimoes@gmail.com: opp=OK field=OK (cf_motivo_de_perda_hunter=Tentativas de contato esgotadas)
  #4723 eraldoguimaraes@hotmail.com: opp=OK field=OK (cf_motivo_de_perda_hunter=Tentativas de contato esgotadas)
  #4724 glaucio_oliani@hotmail.com: nao encontrado no RD
  #4732 david@bizunga.com.br: opp=OK field=OK (cf_motivo_de_perda_hunter=Tempo - Não é a hora para falar)
  #4733 olivaldo_siqueira@hotmail.com: nao encontrado no RD
  #4736 redepostosgd@gmail.com: opp=OK field=OK (cf_motivo_de_perda_hunter=Tentativas de contato esgotadas)
  #4737 juliano@fuelconsultoria.com.br: nao encontrado no RD
  #4738 diretoria@acquanova.com.br: opp=OK field=OK (cf_motivo_de_perda_hunter=Não é posto de combustíveis)
  #4739 junioraraujo5764@outlook.com: opp=OK field=OK (cf_motivo_de_perda_hunter=Tentativas de contato esgotadas)
  #4740 postocarango1@gmail.com: opp=OK field=OK (cf_motivo_de_perda_hunter=Tentativas de contato esgotadas)
  #4742 hanne1221@icloud.com: opp=OK field=OK (cf_motivo_de_perda_hunter=Tentativas de contato esgotadas)
  #4749 edlaniapr@gmail.com.br: opp=OK field=OK (cf_motivo_de_perda_hunter=Tentativas de contato esgotadas)
  #4750 postowitmarsum@gmail.com: opp=OK field=OK (cf_motivo_de_perda_hunter=Tempo - Não é a hora para falar)
Page 20... (4750 processados)
  Pagina 20: 250 leads
  #4752 arildomedeiros12@gmail.com: opp=OK field=OK (cf_motivo_de_perda_hunter=Tentativas de contato esgotadas)
  #4755 mbezam@atima.com.br: opp=OK field=OK (cf_motivo_de_perda_hunter=Tentativas de contato esgotadas)
  #4758 autopostotiziu@gmail.com: nao encontrado no RD
  #4760 itamarsantanapaulista011993@hotmail.com: opp=OK field=OK (cf_motivo_de_perda_hunter=Tentativas de contato esgotadas)
  #4763 jesus30anos@yahoo.com.br: opp=OK field=OK (cf_motivo_de_perda_hunter=Tentativas de contato esgotadas)
  #4766 postos.caroline@gmail.com: opp=OK field=OK (cf_motivo_de_perda_hunter=Tentativas de contato esgotadas)
  #4769 marianarabelo.adv@gmail.com: nao encontrado no RD
  #4778 laercioslonghinifilho@gmail.com: opp=OK field=OK (cf_motivo_de_perda_hunter=Contrato de exclusividade na região)
  #4784 luiz.saito@postoultramarino.com: opp=OK field=OK (cf_motivo_de_perda_closer=Perfil inadequado)
  #4785 brunotoniato@gmail.com: opp=OK field=OK (cf_motivo_de_perda_hunter=Tempo - Não é a hora para falar)
  #4786 fernanda_barradas@hotmail.com: opp=OK field=OK (cf_motivo_de_perda_hunter=Tentativas de contato esgotadas)
  #4787 jevandro.santos@bol.com: opp=OK field=OK (cf_motivo_de_perda_hunter=Tempo - Não é a hora para falar)
  #4795 land.rodrigues@yahoo.com: opp=OK field=OK (cf_motivo_de_perda_hunter=Tentativas de contato esgotadas)
  #4796 rose.pinheiro2@hotmail.com: opp=OK field=OK (cf_motivo_de_perda_hunter=Negócio duplicado - Já está em negociação)
  #4798 evandraassociados@gmail.com: opp=OK field=OK (cf_motivo_de_perda_hunter=Tentativas de contato esgotadas)
  #4799 setorfiscal@posto4.com.br: opp=OK field=OK (cf_motivo_de_perda_hunter=Tentativas de contato esgotadas)
  #4802 a.anaalexjana@hotmail.com: opp=OK field=OK (cf_motivo_de_perda_hunter=Tentativas de contato esgotadas)
  #4804 marcus@autopostovianorte.com.br: opp=OK field=OK (cf_motivo_de_perda_closer=Não tem autoridade)
  #4805 mdcomercio163@hotmail.com: nao encontrado no RD
  #4806 claudioperetti19@gmail.com: opp=OK field=OK (cf_motivo_de_perda_closer=Orçamento - Falta de Budget)
  #4807 cfernando_coelho@hotmail.com: opp=OK field=OK (cf_motivo_de_perda_closer=Orçamento - Falta de Budget)
  #4808 belaterrapostos@gmail.com: nao encontrado no RD
  #4809 emerson.borba244@terra.com.br: opp=OK field=OK (cf_motivo_de_perda_hunter=Tempo - Não é a hora para falar)
  #4811 posto.riomanso@hotmail.com: opp=OK field=OK (cf_motivo_de_perda_hunter=Tempo - Não é a hora para falar)
  #4812 avenidaautoposto@gmail.com: nao encontrado no RD
  #4814 nestorgoncalves2026@gmail.com: opp=OK field=OK (cf_motivo_de_perda_hunter=Tempo - Não é a hora para falar)
  #4817 matheushrd@hotmail.com: opp=OK field=OK (cf_motivo_de_perda_hunter=Tentativas de contato esgotadas)
  #4819 luiz13basket@gmail.com: opp=OK field=OK (cf_motivo_de_perda_hunter=Dados insuficientes)
  #4822 marcioscaff@hotmail.com: opp=OK field=OK (cf_motivo_de_perda_hunter=Tentativas de contato esgotadas)
  #4823 jdarq2010@hotmail.com: opp=OK field=OK (cf_motivo_de_perda_hunter=Tentativas de contato esgotadas)
  #4825 pedrocelsoferrazfilho@gmail.com: opp=OK field=OK (cf_motivo_de_perda_hunter=Tentativas de contato esgotadas)
  #4834 zeguilhermeab@gmail.com: opp=OK field=OK (cf_motivo_de_perda_hunter=Tentativas de contato esgotadas)
  #4835 berglandia@hotmail.com: opp=OK field=OK (cf_motivo_de_perda_hunter=Tentativas de contato esgotadas)
  #4842 andremessa@icloud.com: opp=OK field=OK (cf_motivo_de_perda_hunter=Tentativas de contato esgotadas)
  #4845 postominussi@gmail.com: opp=OK field=OK (cf_motivo_de_perda_hunter=Tempo - Não é a hora para falar)
  #4847 giovani.macedo@icloud.com: nao encontrado no RD
  #4848 marcosamaral@hotmail.com.br: nao encontrado no RD
  #4852 karlamda09@gmail.com: opp=OK field=OK (cf_motivo_de_perda_hunter=Tentativas de contato esgotadas)
  #4870 professorvsilvano@gmail.com: opp=OK field=OK (cf_motivo_de_perda_hunter=Tempo - Não é a hora para falar)
  #4875 gilmarsciammarella@gmail.com: opp=OK field=OK (cf_motivo_de_perda_hunter=Não é posto de combustíveis)
  #4877 abraaoenf23@gmail.com: opp=OK field=OK (cf_motivo_de_perda_hunter=Tentativas de contato esgotadas)
  #4878 fabiojuniors736@gmail.com: opp=OK field=OK (cf_motivo_de_perda_hunter=Dados insuficientes)
  #4883 ellenmelohanockeventos@gmail.com: opp=OK field=OK (cf_motivo_de_perda_hunter=Não é posto de combustíveis)
  #4888 joaoricardodeoliveira1965@gmail.com: opp=OK field=OK (cf_motivo_de_perda_hunter=Não é posto de combustíveis)
  #4889 postosaojorge03@gmail.com: nao encontrado no RD
  #4892 klebson7722@gmail.com: opp=OK field=OK (cf_motivo_de_perda_hunter=Não é posto de combustíveis)
  #4893 suelenbrazao5@gmail.com: opp=OK field=OK (cf_motivo_de_perda_hunter=Não é posto de combustíveis)
  #4894 victorcorreia-2013@hotmail.com: opp=OK field=OK (cf_motivo_de_perda_hunter=Tempo - Não é a hora para falar)
  #4902 alanamunizkf5@gmail.com: opp=OK field=OK (cf_motivo_de_perda_hunter=Dados insuficientes)
  #4903 lutyramos@gmail.com: nao encontrado no RD
  #4967 tsalves10@yahoo.com.br: opp=OK field=OK (cf_motivo_de_perda_hunter=Negócio duplicado - Já está em negociação)
  #4977 evandraros@gmail.com: opp=OK field=OK (cf_motivo_de_perda_hunter=Negócio duplicado - Já está em negociação)
  #4983 alexsandratavaresrodriguesnade@gmail.com: opp=OK field=OK (cf_motivo_de_perda_hunter=Negócio duplicado - Já está em negociação)
  #4984 el.uc.o.vo.r.op.71@gmail.com: opp=OK field=OK (cf_motivo_de_perda_hunter=Dados insuficientes)
  #4985 marina.d7@hotmail.com: opp=OK field=OK (cf_motivo_de_perda_hunter=Não é posto de combustíveis)
Page 21... (5000 processados)
  Pagina 21: 199 leads
  #5004 joilsonbatista@hotmail.com: opp=OK field=OK (cf_motivo_de_perda_hunter=Tentativas de contato esgotadas)
  #5007 grupochiquinho@outlook.com.br: opp=OK field=OK (cf_motivo_de_perda_hunter=Tempo - Não é a hora para falar)
  #5010 gabriela.ports@rodoil.com.br: opp=OK field=OK (cf_motivo_de_perda_hunter=Tentativas de contato esgotadas)
  #5014 comercial02@uptradestands.com.br: opp=OK field=OK (cf_motivo_de_perda_hunter=Não é posto de combustíveis)
  #5019 doradao.pistaposto@gmail.com: opp=OK field=OK (cf_motivo_de_perda_hunter=Tentativas de contato esgotadas)
  #5020 fernandadiasvirginio@gmail.com: nao encontrado no RD
  #5021 geraldo@tilub.com.br: opp=OK field=OK (cf_motivo_de_perda_hunter=Não é posto de combustíveis)
  #5022 dhiego_dfg1@hotmail.com: opp=OK field=OK (cf_motivo_de_perda_hunter=Tentativas de contato esgotadas)
  #5025 o.s.u.tuwuqo77@gmail.com: opp=OK field=OK (cf_motivo_de_perda_hunter=Sem Identifid)
  #5027 fernando.almeida@grupowk.net.br: opp=OK field=OK (cf_motivo_de_perda_hunter=Negócio duplicado - Já está em negociação)
  #5033 postob2candoi@gmail.com: nao encontrado no RD
  #5035 terezaboaventura.2023@gmail.com: opp=OK field=OK (cf_motivo_de_perda_hunter=Tentativas de contato esgotadas)
  #5036 postochefia@hotmail.com: nao encontrado no RD
  #5041 vanessasan.posto5@gmail.com: opp=OK field=OK (cf_motivo_de_perda_hunter=Tempo - Não é a hora para falar)
  #5043 renatomelo1922@hotmail.com: opp=OK field=OK (cf_motivo_de_perda_hunter=Tentativas de contato esgotadas)
  #5044 marciavarao@hotmail.com: opp=OK field=OK (cf_motivo_de_perda_hunter=Tentativas de contato esgotadas)
  #5053 eduardo.landry1213@gmail.com: nao encontrado no RD
  #5054 paulo.postonordestao@gmail.com: nao encontrado no RD
  #5057 arimuniz10@gmail.com: opp=OK field=OK (cf_motivo_de_perda_hunter=Tentativas de contato esgotadas)
  #5061 seliton43@gmail.com: opp=OK field=OK (cf_motivo_de_perda_hunter=Tentativas de contato esgotadas)
  #5068 edsonsp21@hotmail.com: opp=OK field=OK (cf_motivo_de_perda_hunter=Tempo - Não é a hora para falar)
  #5071 autopostopedraazul@gmail.com: opp=OK field=OK (cf_motivo_de_perda_hunter=Tempo - Não é a hora para falar)
  #5076 janioquaresma77@gmail.com: opp=OK field=OK (cf_motivo_de_perda_hunter=Tentativas de contato esgotadas)
  #5081 angela.mericy@icloud.com.br: opp=OK field=OK (cf_motivo_de_perda_hunter=Tentativas de contato esgotadas)
  #5084 van33queiroz33@hotmail.com: opp=OK field=OK (cf_motivo_de_perda_hunter=Tentativas de contato esgotadas)
  #5086 anapauladasilvaconceicao561@gmail.com: opp=OK field=OK (cf_motivo_de_perda_hunter=Não é posto de combustíveis)
  #5090 aptancredao@uol.com.br: nao encontrado no RD
  #5095 barchanjo04@gmail.com: opp=OK field=OK (cf_motivo_de_perda_hunter=Negócio duplicado - Já está em negociação)
  #5096 barchanjo04@gmail.com: opp=OK field=OK (cf_motivo_de_perda_hunter=Negócio duplicado - Já é cliente)
  #5098 jlincolnbrasil@gmail.com: opp=OK field=OK (cf_motivo_de_perda_hunter=Concorrência - Já possui programa de fidelidade)
  #5099 redepostogx@gmail.com: opp=OK field=OK (cf_motivo_de_perda_hunter=Negócio duplicado - Já é cliente)
  #5100 jdaoliveira1984@gmail.com: opp=OK field=OK (cf_motivo_de_perda_hunter=Tempo - Não é a hora para falar)
  #5101 postow3_marco@outlook.com: opp=OK field=OK (cf_motivo_de_perda_hunter=Negócio duplicado - Já é cliente)
  #5103 suzanapinho.30@gmail.com: opp=OK field=OK (cf_motivo_de_perda_hunter=Contrato de exclusividade na região)
  #5104 marcos-pinto@hotmail.com: opp=OK field=OK (cf_motivo_de_perda_hunter=Negócio duplicado - Já está em negociação)
  #5106 postolinhanova@gmail.com: opp=OK field=OK (cf_motivo_de_perda_hunter=Tempo - Não é a hora para falar)
  #5107 aurimarposto@terra.com.br: opp=OK field=OK (cf_motivo_de_perda_hunter=Tentativas de contato esgotadas)
  #5111 postoescurinho@yahoo.com.br: nao encontrado no RD
  #5114 autoposto.trevo@hotmail.com: opp=OK field=OK (cf_motivo_de_perda_hunter=Tempo - Não é a hora para falar)
  #5115 josemariaa196503@gmail.com: opp=OK field=OK (cf_motivo_de_perda_hunter=Tentativas de contato esgotadas)
  #5120 marcoslagecarvalho08@gmail.com: opp=OK field=OK (cf_motivo_de_perda_hunter=Negócio duplicado - Já está em negociação)
  #5122 luisacozendey3@gmail.com: opp=OK field=OK (cf_motivo_de_perda_hunter=Negócio duplicado - Já está em negociação)
  #5124 lucianocharles1@hotmail.com: opp=OK field=OK (cf_motivo_de_perda_hunter=No-show)
  #5127 luisacozendey3@gmail.com: opp=OK field=OK (cf_motivo_de_perda_hunter=Negócio duplicado - Já é cliente)
  #5128 vdscb7@gmail.com: opp=OK field=OK (cf_motivo_de_perda_hunter=Tentativas de contato esgotadas)
  #5130 p1000servicos@gmail.com: nao encontrado no RD
  #5131 fabiobessa.fb@gmail.com: opp=OK field=OK (cf_motivo_de_perda_hunter=Concorrência - Já possui programa de fidelidade)
  #5132 f.dagostin@hotmail.com: opp=OK field=OK (cf_motivo_de_perda_closer=Concorrência - Está negociando com outra empresa)
  #5133 matheus-caue@hotmail.com: opp=OK field=OK (cf_motivo_de_perda_hunter=Tentativas de contato esgotadas)
  #5134 adm@postopetromax.com: opp=OK field=OK (cf_motivo_de_perda_hunter=Contrato de exclusividade na região)
  #5143 fabiocomi@uou.com.br: nao encontrado no RD
  #5164 pauloaraujo1401@hotmail.com: opp=OK field=OK (cf_motivo_de_perda_hunter=Negócio duplicado - Já está em negociação)
  #5166 adm@postoseara.com.br: opp=OK field=OK (cf_motivo_de_perda_hunter=Tentativas de contato esgotadas)
  #5167 marcosilvacosta1966@icloud.com: opp=OK field=OK (cf_motivo_de_perda_hunter=Tempo - Não é a hora para falar)
  #5168 gabriel@petrovila.com.br: nao encontrado no RD
  #5169 edu_shimada@hotmail.com: opp=OK field=OK (cf_motivo_de_perda_hunter=Tentativas de contato esgotadas)
  #5172 fernandoantonioribeiroa@gmail.com: opp=OK field=OK (cf_motivo_de_perda_hunter=Tentativas de contato esgotadas)
  #5175 arthurjdtorres@icloud.com: opp=OK field=OK (cf_motivo_de_perda_hunter=Tempo - Não é a hora para falar)
  #5177 neguinhamar.canudos@gmail.com: opp=OK field=OK (cf_motivo_de_perda_hunter=Tentativas de contato esgotadas)
  #5178 iagolvs18@gmail.com: opp=OK field=OK (cf_motivo_de_perda_hunter=Tempo - Não é a hora para falar)
  #5179 albuquerquecombustiveis@outlook.com: opp=OK field=OK (cf_motivo_de_perda_hunter=Tentativas de contato esgotadas)
  #5182 alexsandratavaresrodriguesnade@gmail.com: opp=OK field=OK (cf_motivo_de_perda_closer=Orçamento - Falta de Budget)
  #5184 marly@postomarinho.com.br: opp=OK field=OK (cf_motivo_de_perda_hunter=Tempo - Não é a hora para falar)
  #5185 arianedelgado@hotmail.com: opp=OK field=OK (cf_motivo_de_perda_hunter=Tempo - Não é a hora para falar)
  #5186 fernando.rodriguez@grupotrapezio.com.br: opp=OK field=OK (cf_motivo_de_perda_closer=Não tem autoridade)
  #5188 nattan1999@gmail.com: opp=OK field=OK (cf_motivo_de_perda_hunter=Tentativas de contato esgotadas)
  #5195 andre.carvalhaes@clubpetro.com.br: opp=OK field=OK (cf_motivo_de_perda_closer=Concorrência - Está negociando com outra empresa)
  #5196 barraposto@terra.com.br: opp=OK field=OK (cf_motivo_de_perda_hunter=Tempo - Não é a hora para falar)
  #5198 olavojunior.leal@gmail.com: opp=OK field=OK (cf_motivo_de_perda_closer=Não tem autoridade)
  #5199 cliviapduarte@gmail.com: opp=OK field=OK (cf_motivo_de_perda_hunter=Negócio duplicado - Já está em negociação)

=== BACKFILL CONCLUIDO ===
Total leads perdidos: 5199
Com email no contato: 901
Encontrados no RD:    677
Opp desmarcada:       677
Campo atualizado:     677
Erros:                0
